CRITICAL - 2024-06-26 10:06:08 --> ErrorException: Undefined property: stdClass::$data
in APPPATH\Controllers\Demo.php on line 424.
 1 APPPATH\Controllers\Demo.php(424): CodeIgniter\Debug\Exceptions->errorHandler(2, 'Undefined property: stdClass::$data', 'C:\\xampp\\htdocs\\ci\\app\\Controllers\\Demo.php', 424)
 2 SYSTEMPATH\CodeIgniter.php(941): App\Controllers\Demo->postData()
 3 SYSTEMPATH\CodeIgniter.php(502): CodeIgniter\CodeIgniter->runController(Object(App\Controllers\Demo))
 4 SYSTEMPATH\CodeIgniter.php(361): CodeIgniter\CodeIgniter->handleRequest(null, Object(Config\Cache), false)
 5 FCPATH\index.php(84): CodeIgniter\CodeIgniter->run()
CRITICAL - 2024-06-26 10:06:28 --> ErrorException: Undefined property: stdClass::$data
in APPPATH\Controllers\Demo.php on line 424.
 1 APPPATH\Controllers\Demo.php(424): CodeIgniter\Debug\Exceptions->errorHandler(2, 'Undefined property: stdClass::$data', 'C:\\xampp\\htdocs\\ci\\app\\Controllers\\Demo.php', 424)
 2 SYSTEMPATH\CodeIgniter.php(941): App\Controllers\Demo->postData()
 3 SYSTEMPATH\CodeIgniter.php(502): CodeIgniter\CodeIgniter->runController(Object(App\Controllers\Demo))
 4 SYSTEMPATH\CodeIgniter.php(361): CodeIgniter\CodeIgniter->handleRequest(null, Object(Config\Cache), false)
 5 FCPATH\index.php(84): CodeIgniter\CodeIgniter->run()
INFO - 2024-06-26 03:07:02 --> Session: Class initialized using 'CodeIgniter\Session\Handlers\FileHandler' driver.
WARNING - 2024-06-26 03:07:02 --> Session: Sessions is enabled, and one exists. Please don't $session->start();
CRITICAL - 2024-06-26 10:07:02 --> ErrorException: Undefined property: stdClass::$data
in APPPATH\Controllers\Demo.php on line 424.
 1 APPPATH\Controllers\Demo.php(424): CodeIgniter\Debug\Exceptions->errorHandler(2, 'Undefined property: stdClass::$data', 'C:\\xampp\\htdocs\\ci\\app\\Controllers\\Demo.php', 424)
 2 SYSTEMPATH\CodeIgniter.php(941): App\Controllers\Demo->postData()
 3 SYSTEMPATH\CodeIgniter.php(502): CodeIgniter\CodeIgniter->runController(Object(App\Controllers\Demo))
 4 SYSTEMPATH\CodeIgniter.php(361): CodeIgniter\CodeIgniter->handleRequest(null, Object(Config\Cache), false)
 5 FCPATH\index.php(84): CodeIgniter\CodeIgniter->run()
INFO - 2024-06-26 03:07:30 --> Session: Class initialized using 'CodeIgniter\Session\Handlers\FileHandler' driver.
WARNING - 2024-06-26 03:07:30 --> Session: Sessions is enabled, and one exists. Please don't $session->start();
CRITICAL - 2024-06-26 10:07:30 --> ErrorException: Undefined property: stdClass::$data
in APPPATH\Controllers\Demo.php on line 425.
 1 APPPATH\Controllers\Demo.php(425): CodeIgniter\Debug\Exceptions->errorHandler(2, 'Undefined property: stdClass::$data', 'C:\\xampp\\htdocs\\ci\\app\\Controllers\\Demo.php', 425)
 2 SYSTEMPATH\CodeIgniter.php(941): App\Controllers\Demo->postData()
 3 SYSTEMPATH\CodeIgniter.php(502): CodeIgniter\CodeIgniter->runController(Object(App\Controllers\Demo))
 4 SYSTEMPATH\CodeIgniter.php(361): CodeIgniter\CodeIgniter->handleRequest(null, Object(Config\Cache), false)
 5 FCPATH\index.php(84): CodeIgniter\CodeIgniter->run()
INFO - 2024-06-26 03:07:40 --> Session: Class initialized using 'CodeIgniter\Session\Handlers\FileHandler' driver.
WARNING - 2024-06-26 03:07:40 --> Session: Sessions is enabled, and one exists. Please don't $session->start();
INFO - 2024-06-26 03:09:08 --> Session: Class initialized using 'CodeIgniter\Session\Handlers\FileHandler' driver.
WARNING - 2024-06-26 03:09:08 --> Session: Sessions is enabled, and one exists. Please don't $session->start();
CRITICAL - 2024-06-26 10:09:08 --> ErrorException: Undefined property: App\Libraries\curl::$http_code
in APPPATH\Controllers\Demo.php on line 424.
 1 APPPATH\Controllers\Demo.php(424): CodeIgniter\Debug\Exceptions->errorHandler(2, 'Undefined property: App\\Libraries\\curl::$http_code', 'C:\\xampp\\htdocs\\ci\\app\\Controllers\\Demo.php', 424)
 2 SYSTEMPATH\CodeIgniter.php(941): App\Controllers\Demo->postData()
 3 SYSTEMPATH\CodeIgniter.php(502): CodeIgniter\CodeIgniter->runController(Object(App\Controllers\Demo))
 4 SYSTEMPATH\CodeIgniter.php(361): CodeIgniter\CodeIgniter->handleRequest(null, Object(Config\Cache), false)
 5 FCPATH\index.php(84): CodeIgniter\CodeIgniter->run()
INFO - 2024-06-26 03:09:23 --> Session: Class initialized using 'CodeIgniter\Session\Handlers\FileHandler' driver.
WARNING - 2024-06-26 03:09:23 --> Session: Sessions is enabled, and one exists. Please don't $session->start();
CRITICAL - 2024-06-26 10:09:23 --> Error: Object of class App\Libraries\curl could not be converted to string
in APPPATH\Controllers\Demo.php on line 424.
 1 SYSTEMPATH\CodeIgniter.php(941): App\Controllers\Demo->postData()
 2 SYSTEMPATH\CodeIgniter.php(502): CodeIgniter\CodeIgniter->runController(Object(App\Controllers\Demo))
 3 SYSTEMPATH\CodeIgniter.php(361): CodeIgniter\CodeIgniter->handleRequest(null, Object(Config\Cache), false)
 4 FCPATH\index.php(84): CodeIgniter\CodeIgniter->run()
INFO - 2024-06-26 03:09:42 --> Session: Class initialized using 'CodeIgniter\Session\Handlers\FileHandler' driver.
WARNING - 2024-06-26 03:09:42 --> Session: Sessions is enabled, and one exists. Please don't $session->start();
INFO - 2024-06-26 03:09:56 --> Session: Class initialized using 'CodeIgniter\Session\Handlers\FileHandler' driver.
WARNING - 2024-06-26 03:09:56 --> Session: Sessions is enabled, and one exists. Please don't $session->start();
INFO - 2024-06-26 03:10:16 --> Session: Class initialized using 'CodeIgniter\Session\Handlers\FileHandler' driver.
WARNING - 2024-06-26 03:10:16 --> Session: Sessions is enabled, and one exists. Please don't $session->start();
CRITICAL - 2024-06-26 10:10:16 --> Error: Undefined constant "App\Controllers\http_code"
in APPPATH\Controllers\Demo.php on line 424.
 1 SYSTEMPATH\CodeIgniter.php(941): App\Controllers\Demo->postData()
 2 SYSTEMPATH\CodeIgniter.php(502): CodeIgniter\CodeIgniter->runController(Object(App\Controllers\Demo))
 3 SYSTEMPATH\CodeIgniter.php(361): CodeIgniter\CodeIgniter->handleRequest(null, Object(Config\Cache), false)
 4 FCPATH\index.php(84): CodeIgniter\CodeIgniter->run()
INFO - 2024-06-26 03:10:23 --> Session: Class initialized using 'CodeIgniter\Session\Handlers\FileHandler' driver.
WARNING - 2024-06-26 03:10:23 --> Session: Sessions is enabled, and one exists. Please don't $session->start();
INFO - 2024-06-26 03:10:39 --> Session: Class initialized using 'CodeIgniter\Session\Handlers\FileHandler' driver.
WARNING - 2024-06-26 03:10:39 --> Session: Sessions is enabled, and one exists. Please don't $session->start();
INFO - 2024-06-26 03:11:30 --> Session: Class initialized using 'CodeIgniter\Session\Handlers\FileHandler' driver.
WARNING - 2024-06-26 03:11:30 --> Session: Sessions is enabled, and one exists. Please don't $session->start();
CRITICAL - 2024-06-26 10:11:30 --> TypeError: json_decode(): Argument #1 ($json) must be of type string, App\Libraries\curl given
in APPPATH\Controllers\Demo.php on line 422.
 1 APPPATH\Controllers\Demo.php(422): json_decode(Object(App\Libraries\curl))
 2 SYSTEMPATH\CodeIgniter.php(941): App\Controllers\Demo->postData()
 3 SYSTEMPATH\CodeIgniter.php(502): CodeIgniter\CodeIgniter->runController(Object(App\Controllers\Demo))
 4 SYSTEMPATH\CodeIgniter.php(361): CodeIgniter\CodeIgniter->handleRequest(null, Object(Config\Cache), false)
 5 FCPATH\index.php(84): CodeIgniter\CodeIgniter->run()
INFO - 2024-06-26 03:11:51 --> Session: Class initialized using 'CodeIgniter\Session\Handlers\FileHandler' driver.
WARNING - 2024-06-26 03:11:51 --> Session: Sessions is enabled, and one exists. Please don't $session->start();
CRITICAL - 2024-06-26 10:11:51 --> TypeError: json_decode(): Argument #1 ($json) must be of type string, array given
in APPPATH\Controllers\Demo.php on line 422.
 1 APPPATH\Controllers\Demo.php(422): json_decode([...])
 2 SYSTEMPATH\CodeIgniter.php(941): App\Controllers\Demo->postData()
 3 SYSTEMPATH\CodeIgniter.php(502): CodeIgniter\CodeIgniter->runController(Object(App\Controllers\Demo))
 4 SYSTEMPATH\CodeIgniter.php(361): CodeIgniter\CodeIgniter->handleRequest(null, Object(Config\Cache), false)
 5 FCPATH\index.php(84): CodeIgniter\CodeIgniter->run()
INFO - 2024-06-26 03:12:18 --> Session: Class initialized using 'CodeIgniter\Session\Handlers\FileHandler' driver.
WARNING - 2024-06-26 03:12:18 --> Session: Sessions is enabled, and one exists. Please don't $session->start();
CRITICAL - 2024-06-26 10:12:18 --> ErrorException: Undefined property: stdClass::$data
in APPPATH\Controllers\Demo.php on line 428.
 1 APPPATH\Controllers\Demo.php(428): CodeIgniter\Debug\Exceptions->errorHandler(2, 'Undefined property: stdClass::$data', 'C:\\xampp\\htdocs\\ci\\app\\Controllers\\Demo.php', 428)
 2 SYSTEMPATH\CodeIgniter.php(941): App\Controllers\Demo->postData()
 3 SYSTEMPATH\CodeIgniter.php(502): CodeIgniter\CodeIgniter->runController(Object(App\Controllers\Demo))
 4 SYSTEMPATH\CodeIgniter.php(361): CodeIgniter\CodeIgniter->handleRequest(null, Object(Config\Cache), false)
 5 FCPATH\index.php(84): CodeIgniter\CodeIgniter->run()
INFO - 2024-06-26 03:13:23 --> Session: Class initialized using 'CodeIgniter\Session\Handlers\FileHandler' driver.
WARNING - 2024-06-26 03:13:23 --> Session: Sessions is enabled, and one exists. Please don't $session->start();
INFO - 2024-06-26 03:13:41 --> Session: Class initialized using 'CodeIgniter\Session\Handlers\FileHandler' driver.
WARNING - 2024-06-26 03:13:41 --> Session: Sessions is enabled, and one exists. Please don't $session->start();
INFO - 2024-06-26 03:14:38 --> Session: Class initialized using 'CodeIgniter\Session\Handlers\FileHandler' driver.
WARNING - 2024-06-26 03:14:38 --> Session: Sessions is enabled, and one exists. Please don't $session->start();
INFO - 2024-06-26 03:14:55 --> Session: Class initialized using 'CodeIgniter\Session\Handlers\FileHandler' driver.
WARNING - 2024-06-26 03:14:55 --> Session: Sessions is enabled, and one exists. Please don't $session->start();
INFO - 2024-06-26 03:20:26 --> Session: Class initialized using 'CodeIgniter\Session\Handlers\FileHandler' driver.
WARNING - 2024-06-26 03:20:26 --> Session: Sessions is enabled, and one exists. Please don't $session->start();
INFO - 2024-06-26 03:43:40 --> Session: Class initialized using 'CodeIgniter\Session\Handlers\FileHandler' driver.
WARNING - 2024-06-26 03:43:40 --> Session: Sessions is enabled, and one exists. Please don't $session->start();
INFO - 2024-06-26 03:44:06 --> Session: Class initialized using 'CodeIgniter\Session\Handlers\FileHandler' driver.
WARNING - 2024-06-26 03:44:06 --> Session: Sessions is enabled, and one exists. Please don't $session->start();
INFO - 2024-06-26 03:44:17 --> Session: Class initialized using 'CodeIgniter\Session\Handlers\FileHandler' driver.
WARNING - 2024-06-26 03:44:17 --> Session: Sessions is enabled, and one exists. Please don't $session->start();
INFO - 2024-06-26 04:15:56 --> Session: Class initialized using 'CodeIgniter\Session\Handlers\FileHandler' driver.
WARNING - 2024-06-26 04:15:56 --> Session: Sessions is enabled, and one exists. Please don't $session->start();
INFO - 2024-06-26 04:16:52 --> Session: Class initialized using 'CodeIgniter\Session\Handlers\FileHandler' driver.
WARNING - 2024-06-26 04:16:52 --> Session: Sessions is enabled, and one exists. Please don't $session->start();
INFO - 2024-06-26 04:17:00 --> Session: Class initialized using 'CodeIgniter\Session\Handlers\FileHandler' driver.
WARNING - 2024-06-26 04:17:00 --> Session: Sessions is enabled, and one exists. Please don't $session->start();
INFO - 2024-06-26 04:17:21 --> Session: Class initialized using 'CodeIgniter\Session\Handlers\FileHandler' driver.
WARNING - 2024-06-26 04:17:21 --> Session: Sessions is enabled, and one exists. Please don't $session->start();
INFO - 2024-06-26 04:17:55 --> Session: Class initialized using 'CodeIgniter\Session\Handlers\FileHandler' driver.
WARNING - 2024-06-26 04:17:55 --> Session: Sessions is enabled, and one exists. Please don't $session->start();
INFO - 2024-06-26 04:20:29 --> Session: Class initialized using 'CodeIgniter\Session\Handlers\FileHandler' driver.
WARNING - 2024-06-26 04:20:29 --> Session: Sessions is enabled, and one exists. Please don't $session->start();
INFO - 2024-06-26 04:24:04 --> Session: Class initialized using 'CodeIgniter\Session\Handlers\FileHandler' driver.
WARNING - 2024-06-26 04:24:04 --> Session: Sessions is enabled, and one exists. Please don't $session->start();
INFO - 2024-06-26 04:25:45 --> Session: Class initialized using 'CodeIgniter\Session\Handlers\FileHandler' driver.
WARNING - 2024-06-26 04:25:45 --> Session: Sessions is enabled, and one exists. Please don't $session->start();
INFO - 2024-06-26 04:31:26 --> Session: Class initialized using 'CodeIgniter\Session\Handlers\FileHandler' driver.
WARNING - 2024-06-26 04:31:26 --> Session: Sessions is enabled, and one exists. Please don't $session->start();
INFO - 2024-06-26 04:31:48 --> Session: Class initialized using 'CodeIgniter\Session\Handlers\FileHandler' driver.
WARNING - 2024-06-26 04:31:48 --> Session: Sessions is enabled, and one exists. Please don't $session->start();
ERROR - 2024-06-26 12:40:34 --> Error connecting to the database: mysqli_sql_exception: No connection could be made because the target machine actively refused it in C:\xampp\htdocs\ci\system\Database\MySQLi\Connection.php:185
Stack trace:
#0 C:\xampp\htdocs\ci\system\Database\MySQLi\Connection.php(185): mysqli->real_connect('localhost', 'brightdev', '43349690', 'user', 3306, '', 0)
#1 C:\xampp\htdocs\ci\system\Database\BaseConnection.php(392): CodeIgniter\Database\MySQLi\Connection->connect(false)
#2 C:\xampp\htdocs\ci\system\Database\BaseConnection.php(575): CodeIgniter\Database\BaseConnection->initialize()
#3 C:\xampp\htdocs\ci\app\Models\Mydev_model.php(39): CodeIgniter\Database\BaseConnection->query('SELECT * FROM r...', Array)
#4 C:\xampp\htdocs\ci\app\Controllers\Service.php(94): App\Models\Mydev_model->select_binding('SELECT * FROM r...', Array)
#5 C:\xampp\htdocs\ci\system\CodeIgniter.php(941): App\Controllers\Service->getusers()
#6 C:\xampp\htdocs\ci\system\CodeIgniter.php(502): CodeIgniter\CodeIgniter->runController(Object(App\Controllers\Service))
#7 C:\xampp\htdocs\ci\system\CodeIgniter.php(361): CodeIgniter\CodeIgniter->handleRequest(NULL, Object(Config\Cache), false)
#8 C:\xampp\htdocs\ci\public\index.php(84): CodeIgniter\CodeIgniter->run()
#9 {main}

Next CodeIgniter\Database\Exceptions\DatabaseException: No connection could be made because the target machine actively refused it in C:\xampp\htdocs\ci\system\Database\MySQLi\Connection.php:229
Stack trace:
#0 C:\xampp\htdocs\ci\system\Database\BaseConnection.php(392): CodeIgniter\Database\MySQLi\Connection->connect(false)
#1 C:\xampp\htdocs\ci\system\Database\BaseConnection.php(575): CodeIgniter\Database\BaseConnection->initialize()
#2 C:\xampp\htdocs\ci\app\Models\Mydev_model.php(39): CodeIgniter\Database\BaseConnection->query('SELECT * FROM r...', Array)
#3 C:\xampp\htdocs\ci\app\Controllers\Service.php(94): App\Models\Mydev_model->select_binding('SELECT * FROM r...', Array)
#4 C:\xampp\htdocs\ci\system\CodeIgniter.php(941): App\Controllers\Service->getusers()
#5 C:\xampp\htdocs\ci\system\CodeIgniter.php(502): CodeIgniter\CodeIgniter->runController(Object(App\Controllers\Service))
#6 C:\xampp\htdocs\ci\system\CodeIgniter.php(361): CodeIgniter\CodeIgniter->handleRequest(NULL, Object(Config\Cache), false)
#7 C:\xampp\htdocs\ci\public\index.php(84): CodeIgniter\CodeIgniter->run()
#8 {main}
CRITICAL - 2024-06-26 12:40:34 --> CodeIgniter\Database\Exceptions\DatabaseException: Unable to connect to the database.
Main connection [MySQLi]: No connection could be made because the target machine actively refused it
in SYSTEMPATH\Database\BaseConnection.php on line 428.
 1 SYSTEMPATH\Database\BaseConnection.php(575): CodeIgniter\Database\BaseConnection->initialize()
 2 APPPATH\Models\Mydev_model.php(39): CodeIgniter\Database\BaseConnection->query('SELECT * FROM register WHERE user_id=? ;', [...])
 3 APPPATH\Controllers\Service.php(94): App\Models\Mydev_model->select_binding('SELECT * FROM register WHERE user_id=? ;', [...])
 4 SYSTEMPATH\CodeIgniter.php(941): App\Controllers\Service->getusers()
 5 SYSTEMPATH\CodeIgniter.php(502): CodeIgniter\CodeIgniter->runController(Object(App\Controllers\Service))
 6 SYSTEMPATH\CodeIgniter.php(361): CodeIgniter\CodeIgniter->handleRequest(null, Object(Config\Cache), false)
 7 FCPATH\index.php(84): CodeIgniter\CodeIgniter->run()
ERROR - 2024-06-26 12:40:39 --> Error connecting to the database: mysqli_sql_exception: No connection could be made because the target machine actively refused it in C:\xampp\htdocs\ci\system\Database\MySQLi\Connection.php:185
Stack trace:
#0 C:\xampp\htdocs\ci\system\Database\MySQLi\Connection.php(185): mysqli->real_connect('localhost', 'brightdev', '43349690', 'user', 3306, '', 0)
#1 C:\xampp\htdocs\ci\system\Database\BaseConnection.php(392): CodeIgniter\Database\MySQLi\Connection->connect(false)
#2 C:\xampp\htdocs\ci\system\Database\BaseConnection.php(575): CodeIgniter\Database\BaseConnection->initialize()
#3 C:\xampp\htdocs\ci\app\Models\Mydev_model.php(39): CodeIgniter\Database\BaseConnection->query('SELECT * FROM r...', Array)
#4 C:\xampp\htdocs\ci\app\Controllers\Service.php(94): App\Models\Mydev_model->select_binding('SELECT * FROM r...', Array)
#5 C:\xampp\htdocs\ci\system\CodeIgniter.php(941): App\Controllers\Service->getusers()
#6 C:\xampp\htdocs\ci\system\CodeIgniter.php(502): CodeIgniter\CodeIgniter->runController(Object(App\Controllers\Service))
#7 C:\xampp\htdocs\ci\system\CodeIgniter.php(361): CodeIgniter\CodeIgniter->handleRequest(NULL, Object(Config\Cache), false)
#8 C:\xampp\htdocs\ci\public\index.php(84): CodeIgniter\CodeIgniter->run()
#9 {main}

Next CodeIgniter\Database\Exceptions\DatabaseException: No connection could be made because the target machine actively refused it in C:\xampp\htdocs\ci\system\Database\MySQLi\Connection.php:229
Stack trace:
#0 C:\xampp\htdocs\ci\system\Database\BaseConnection.php(392): CodeIgniter\Database\MySQLi\Connection->connect(false)
#1 C:\xampp\htdocs\ci\system\Database\BaseConnection.php(575): CodeIgniter\Database\BaseConnection->initialize()
#2 C:\xampp\htdocs\ci\app\Models\Mydev_model.php(39): CodeIgniter\Database\BaseConnection->query('SELECT * FROM r...', Array)
#3 C:\xampp\htdocs\ci\app\Controllers\Service.php(94): App\Models\Mydev_model->select_binding('SELECT * FROM r...', Array)
#4 C:\xampp\htdocs\ci\system\CodeIgniter.php(941): App\Controllers\Service->getusers()
#5 C:\xampp\htdocs\ci\system\CodeIgniter.php(502): CodeIgniter\CodeIgniter->runController(Object(App\Controllers\Service))
#6 C:\xampp\htdocs\ci\system\CodeIgniter.php(361): CodeIgniter\CodeIgniter->handleRequest(NULL, Object(Config\Cache), false)
#7 C:\xampp\htdocs\ci\public\index.php(84): CodeIgniter\CodeIgniter->run()
#8 {main}
CRITICAL - 2024-06-26 12:40:39 --> CodeIgniter\Database\Exceptions\DatabaseException: Unable to connect to the database.
Main connection [MySQLi]: No connection could be made because the target machine actively refused it
in SYSTEMPATH\Database\BaseConnection.php on line 428.
 1 SYSTEMPATH\Database\BaseConnection.php(575): CodeIgniter\Database\BaseConnection->initialize()
 2 APPPATH\Models\Mydev_model.php(39): CodeIgniter\Database\BaseConnection->query('SELECT * FROM register WHERE user_id=? ;', [...])
 3 APPPATH\Controllers\Service.php(94): App\Models\Mydev_model->select_binding('SELECT * FROM register WHERE user_id=? ;', [...])
 4 SYSTEMPATH\CodeIgniter.php(941): App\Controllers\Service->getusers()
 5 SYSTEMPATH\CodeIgniter.php(502): CodeIgniter\CodeIgniter->runController(Object(App\Controllers\Service))
 6 SYSTEMPATH\CodeIgniter.php(361): CodeIgniter\CodeIgniter->handleRequest(null, Object(Config\Cache), false)
 7 FCPATH\index.php(84): CodeIgniter\CodeIgniter->run()
ERROR - 2024-06-26 12:40:42 --> Error connecting to the database: mysqli_sql_exception: No connection could be made because the target machine actively refused it in C:\xampp\htdocs\ci\system\Database\MySQLi\Connection.php:185
Stack trace:
#0 C:\xampp\htdocs\ci\system\Database\MySQLi\Connection.php(185): mysqli->real_connect('localhost', 'brightdev', '43349690', 'user', 3306, '', 0)
#1 C:\xampp\htdocs\ci\system\Database\BaseConnection.php(392): CodeIgniter\Database\MySQLi\Connection->connect(false)
#2 C:\xampp\htdocs\ci\system\Database\BaseConnection.php(575): CodeIgniter\Database\BaseConnection->initialize()
#3 C:\xampp\htdocs\ci\app\Models\Mydev_model.php(39): CodeIgniter\Database\BaseConnection->query('SELECT * FROM r...', Array)
#4 C:\xampp\htdocs\ci\app\Controllers\Service.php(94): App\Models\Mydev_model->select_binding('SELECT * FROM r...', Array)
#5 C:\xampp\htdocs\ci\system\CodeIgniter.php(941): App\Controllers\Service->getusers()
#6 C:\xampp\htdocs\ci\system\CodeIgniter.php(502): CodeIgniter\CodeIgniter->runController(Object(App\Controllers\Service))
#7 C:\xampp\htdocs\ci\system\CodeIgniter.php(361): CodeIgniter\CodeIgniter->handleRequest(NULL, Object(Config\Cache), false)
#8 C:\xampp\htdocs\ci\public\index.php(84): CodeIgniter\CodeIgniter->run()
#9 {main}

Next CodeIgniter\Database\Exceptions\DatabaseException: No connection could be made because the target machine actively refused it in C:\xampp\htdocs\ci\system\Database\MySQLi\Connection.php:229
Stack trace:
#0 C:\xampp\htdocs\ci\system\Database\BaseConnection.php(392): CodeIgniter\Database\MySQLi\Connection->connect(false)
#1 C:\xampp\htdocs\ci\system\Database\BaseConnection.php(575): CodeIgniter\Database\BaseConnection->initialize()
#2 C:\xampp\htdocs\ci\app\Models\Mydev_model.php(39): CodeIgniter\Database\BaseConnection->query('SELECT * FROM r...', Array)
#3 C:\xampp\htdocs\ci\app\Controllers\Service.php(94): App\Models\Mydev_model->select_binding('SELECT * FROM r...', Array)
#4 C:\xampp\htdocs\ci\system\CodeIgniter.php(941): App\Controllers\Service->getusers()
#5 C:\xampp\htdocs\ci\system\CodeIgniter.php(502): CodeIgniter\CodeIgniter->runController(Object(App\Controllers\Service))
#6 C:\xampp\htdocs\ci\system\CodeIgniter.php(361): CodeIgniter\CodeIgniter->handleRequest(NULL, Object(Config\Cache), false)
#7 C:\xampp\htdocs\ci\public\index.php(84): CodeIgniter\CodeIgniter->run()
#8 {main}
CRITICAL - 2024-06-26 12:40:42 --> CodeIgniter\Database\Exceptions\DatabaseException: Unable to connect to the database.
Main connection [MySQLi]: No connection could be made because the target machine actively refused it
in SYSTEMPATH\Database\BaseConnection.php on line 428.
 1 SYSTEMPATH\Database\BaseConnection.php(575): CodeIgniter\Database\BaseConnection->initialize()
 2 APPPATH\Models\Mydev_model.php(39): CodeIgniter\Database\BaseConnection->query('SELECT * FROM register WHERE user_id=? ;', [...])
 3 APPPATH\Controllers\Service.php(94): App\Models\Mydev_model->select_binding('SELECT * FROM register WHERE user_id=? ;', [...])
 4 SYSTEMPATH\CodeIgniter.php(941): App\Controllers\Service->getusers()
 5 SYSTEMPATH\CodeIgniter.php(502): CodeIgniter\CodeIgniter->runController(Object(App\Controllers\Service))
 6 SYSTEMPATH\CodeIgniter.php(361): CodeIgniter\CodeIgniter->handleRequest(null, Object(Config\Cache), false)
 7 FCPATH\index.php(84): CodeIgniter\CodeIgniter->run()
INFO - 2024-06-26 06:30:22 --> Session: Class initialized using 'CodeIgniter\Session\Handlers\FileHandler' driver.
WARNING - 2024-06-26 06:30:22 --> Session: Sessions is enabled, and one exists. Please don't $session->start();
INFO - 2024-06-26 06:30:29 --> Session: Class initialized using 'CodeIgniter\Session\Handlers\FileHandler' driver.
WARNING - 2024-06-26 06:30:29 --> Session: Sessions is enabled, and one exists. Please don't $session->start();
INFO - 2024-06-26 06:30:33 --> Session: Class initialized using 'CodeIgniter\Session\Handlers\FileHandler' driver.
WARNING - 2024-06-26 06:30:33 --> Session: Sessions is enabled, and one exists. Please don't $session->start();
INFO - 2024-06-26 06:30:35 --> Session: Class initialized using 'CodeIgniter\Session\Handlers\FileHandler' driver.
WARNING - 2024-06-26 06:30:35 --> Session: Sessions is enabled, and one exists. Please don't $session->start();
CRITICAL - 2024-06-26 13:35:15 --> ErrorException: Undefined array key "userid"
in APPPATH\Controllers\Service.php on line 118.
 1 APPPATH\Controllers\Service.php(118): CodeIgniter\Debug\Exceptions->errorHandler(2, 'Undefined array key "userid"', 'C:\\xampp\\htdocs\\ci\\app\\Controllers\\Service.php', 118)
 2 SYSTEMPATH\CodeIgniter.php(941): App\Controllers\Service->postuser()
 3 SYSTEMPATH\CodeIgniter.php(502): CodeIgniter\CodeIgniter->runController(Object(App\Controllers\Service))
 4 SYSTEMPATH\CodeIgniter.php(361): CodeIgniter\CodeIgniter->handleRequest(null, Object(Config\Cache), false)
 5 FCPATH\index.php(84): CodeIgniter\CodeIgniter->run()
CRITICAL - 2024-06-26 13:39:40 --> ErrorException: Undefined array key "userId"
in APPPATH\Controllers\Service.php on line 117.
 1 APPPATH\Controllers\Service.php(117): CodeIgniter\Debug\Exceptions->errorHandler(2, 'Undefined array key "userId"', 'C:\\xampp\\htdocs\\ci\\app\\Controllers\\Service.php', 117)
 2 SYSTEMPATH\CodeIgniter.php(941): App\Controllers\Service->postuser()
 3 SYSTEMPATH\CodeIgniter.php(502): CodeIgniter\CodeIgniter->runController(Object(App\Controllers\Service))
 4 SYSTEMPATH\CodeIgniter.php(361): CodeIgniter\CodeIgniter->handleRequest(null, Object(Config\Cache), false)
 5 FCPATH\index.php(84): CodeIgniter\CodeIgniter->run()
CRITICAL - 2024-06-26 13:42:47 --> Error: Object of class stdClass could not be converted to string
in APPPATH\Controllers\Service.php on line 122.
 1 SYSTEMPATH\CodeIgniter.php(941): App\Controllers\Service->postuser()
 2 SYSTEMPATH\CodeIgniter.php(502): CodeIgniter\CodeIgniter->runController(Object(App\Controllers\Service))
 3 SYSTEMPATH\CodeIgniter.php(361): CodeIgniter\CodeIgniter->handleRequest(null, Object(Config\Cache), false)
 4 FCPATH\index.php(84): CodeIgniter\CodeIgniter->run()
CRITICAL - 2024-06-26 13:49:29 --> ErrorException: Undefined property: CodeIgniter\HTTP\Header::$Test
in APPPATH\Controllers\Service.php on line 120.
 1 APPPATH\Controllers\Service.php(120): CodeIgniter\Debug\Exceptions->errorHandler(2, 'Undefined property: CodeIgniter\\HTTP\\Header::$Test', 'C:\\xampp\\htdocs\\ci\\app\\Controllers\\Service.php', 120)
 2 SYSTEMPATH\CodeIgniter.php(941): App\Controllers\Service->postuser()
 3 SYSTEMPATH\CodeIgniter.php(502): CodeIgniter\CodeIgniter->runController(Object(App\Controllers\Service))
 4 SYSTEMPATH\CodeIgniter.php(361): CodeIgniter\CodeIgniter->handleRequest(null, Object(Config\Cache), false)
 5 FCPATH\index.php(84): CodeIgniter\CodeIgniter->run()
CRITICAL - 2024-06-26 13:49:46 --> ErrorException: Undefined variable $reqTestHeader
in APPPATH\Controllers\Service.php on line 124.
 1 APPPATH\Controllers\Service.php(124): CodeIgniter\Debug\Exceptions->errorHandler(2, 'Undefined variable $reqTestHeader', 'C:\\xampp\\htdocs\\ci\\app\\Controllers\\Service.php', 124)
 2 SYSTEMPATH\CodeIgniter.php(941): App\Controllers\Service->postuser()
 3 SYSTEMPATH\CodeIgniter.php(502): CodeIgniter\CodeIgniter->runController(Object(App\Controllers\Service))
 4 SYSTEMPATH\CodeIgniter.php(361): CodeIgniter\CodeIgniter->handleRequest(null, Object(Config\Cache), false)
 5 FCPATH\index.php(84): CodeIgniter\CodeIgniter->run()
CRITICAL - 2024-06-26 13:49:55 --> ErrorException: Undefined variable $reqTestHeader
in APPPATH\Controllers\Service.php on line 124.
 1 APPPATH\Controllers\Service.php(124): CodeIgniter\Debug\Exceptions->errorHandler(2, 'Undefined variable $reqTestHeader', 'C:\\xampp\\htdocs\\ci\\app\\Controllers\\Service.php', 124)
 2 SYSTEMPATH\CodeIgniter.php(941): App\Controllers\Service->postuser()
 3 SYSTEMPATH\CodeIgniter.php(502): CodeIgniter\CodeIgniter->runController(Object(App\Controllers\Service))
 4 SYSTEMPATH\CodeIgniter.php(361): CodeIgniter\CodeIgniter->handleRequest(null, Object(Config\Cache), false)
 5 FCPATH\index.php(84): CodeIgniter\CodeIgniter->run()
CRITICAL - 2024-06-26 13:50:02 --> ErrorException: Undefined variable $reqTestHeader
in APPPATH\Controllers\Service.php on line 124.
 1 APPPATH\Controllers\Service.php(124): CodeIgniter\Debug\Exceptions->errorHandler(2, 'Undefined variable $reqTestHeader', 'C:\\xampp\\htdocs\\ci\\app\\Controllers\\Service.php', 124)
 2 SYSTEMPATH\CodeIgniter.php(941): App\Controllers\Service->postuser()
 3 SYSTEMPATH\CodeIgniter.php(502): CodeIgniter\CodeIgniter->runController(Object(App\Controllers\Service))
 4 SYSTEMPATH\CodeIgniter.php(361): CodeIgniter\CodeIgniter->handleRequest(null, Object(Config\Cache), false)
 5 FCPATH\index.php(84): CodeIgniter\CodeIgniter->run()
CRITICAL - 2024-06-26 13:51:58 --> ErrorException: Undefined property: CodeIgniter\HTTP\Header::$Test
in APPPATH\Controllers\Service.php on line 120.
 1 APPPATH\Controllers\Service.php(120): CodeIgniter\Debug\Exceptions->errorHandler(2, 'Undefined property: CodeIgniter\\HTTP\\Header::$Test', 'C:\\xampp\\htdocs\\ci\\app\\Controllers\\Service.php', 120)
 2 SYSTEMPATH\CodeIgniter.php(941): App\Controllers\Service->postuser()
 3 SYSTEMPATH\CodeIgniter.php(502): CodeIgniter\CodeIgniter->runController(Object(App\Controllers\Service))
 4 SYSTEMPATH\CodeIgniter.php(361): CodeIgniter\CodeIgniter->handleRequest(null, Object(Config\Cache), false)
 5 FCPATH\index.php(84): CodeIgniter\CodeIgniter->run()
CRITICAL - 2024-06-26 13:53:13 --> ErrorException: Undefined array key "test"
in APPPATH\Controllers\Service.php on line 120.
 1 APPPATH\Controllers\Service.php(120): CodeIgniter\Debug\Exceptions->errorHandler(2, 'Undefined array key "test"', 'C:\\xampp\\htdocs\\ci\\app\\Controllers\\Service.php', 120)
 2 SYSTEMPATH\CodeIgniter.php(941): App\Controllers\Service->postuser()
 3 SYSTEMPATH\CodeIgniter.php(502): CodeIgniter\CodeIgniter->runController(Object(App\Controllers\Service))
 4 SYSTEMPATH\CodeIgniter.php(361): CodeIgniter\CodeIgniter->handleRequest(null, Object(Config\Cache), false)
 5 FCPATH\index.php(84): CodeIgniter\CodeIgniter->run()
CRITICAL - 2024-06-26 13:54:16 --> ErrorException: Attempt to read property "Test" on array
in APPPATH\Controllers\Service.php on line 120.
 1 APPPATH\Controllers\Service.php(120): CodeIgniter\Debug\Exceptions->errorHandler(2, 'Attempt to read property "Test" on array', 'C:\\xampp\\htdocs\\ci\\app\\Controllers\\Service.php', 120)
 2 SYSTEMPATH\CodeIgniter.php(941): App\Controllers\Service->postuser()
 3 SYSTEMPATH\CodeIgniter.php(502): CodeIgniter\CodeIgniter->runController(Object(App\Controllers\Service))
 4 SYSTEMPATH\CodeIgniter.php(361): CodeIgniter\CodeIgniter->handleRequest(null, Object(Config\Cache), false)
 5 FCPATH\index.php(84): CodeIgniter\CodeIgniter->run()
CRITICAL - 2024-06-26 13:54:57 --> ErrorException: Undefined array key "test"
in APPPATH\Controllers\Service.php on line 120.
 1 APPPATH\Controllers\Service.php(120): CodeIgniter\Debug\Exceptions->errorHandler(2, 'Undefined array key "test"', 'C:\\xampp\\htdocs\\ci\\app\\Controllers\\Service.php', 120)
 2 SYSTEMPATH\CodeIgniter.php(941): App\Controllers\Service->postuser()
 3 SYSTEMPATH\CodeIgniter.php(502): CodeIgniter\CodeIgniter->runController(Object(App\Controllers\Service))
 4 SYSTEMPATH\CodeIgniter.php(361): CodeIgniter\CodeIgniter->handleRequest(null, Object(Config\Cache), false)
 5 FCPATH\index.php(84): CodeIgniter\CodeIgniter->run()
CRITICAL - 2024-06-26 13:55:24 --> ErrorException: Undefined array key "test"
in APPPATH\Controllers\Service.php on line 121.
 1 APPPATH\Controllers\Service.php(121): CodeIgniter\Debug\Exceptions->errorHandler(2, 'Undefined array key "test"', 'C:\\xampp\\htdocs\\ci\\app\\Controllers\\Service.php', 121)
 2 SYSTEMPATH\CodeIgniter.php(941): App\Controllers\Service->postuser()
 3 SYSTEMPATH\CodeIgniter.php(502): CodeIgniter\CodeIgniter->runController(Object(App\Controllers\Service))
 4 SYSTEMPATH\CodeIgniter.php(361): CodeIgniter\CodeIgniter->handleRequest(null, Object(Config\Cache), false)
 5 FCPATH\index.php(84): CodeIgniter\CodeIgniter->run()
CRITICAL - 2024-06-26 13:58:09 --> Error: Cannot use object of type CodeIgniter\HTTP\Header as array
in APPPATH\Controllers\Service.php on line 120.
 1 SYSTEMPATH\CodeIgniter.php(941): App\Controllers\Service->postuser()
 2 SYSTEMPATH\CodeIgniter.php(502): CodeIgniter\CodeIgniter->runController(Object(App\Controllers\Service))
 3 SYSTEMPATH\CodeIgniter.php(361): CodeIgniter\CodeIgniter->handleRequest(null, Object(Config\Cache), false)
 4 FCPATH\index.php(84): CodeIgniter\CodeIgniter->run()
CRITICAL - 2024-06-26 13:58:18 --> Error: Cannot use object of type CodeIgniter\HTTP\Header as array
in APPPATH\Controllers\Service.php on line 120.
 1 SYSTEMPATH\CodeIgniter.php(941): App\Controllers\Service->postuser()
 2 SYSTEMPATH\CodeIgniter.php(502): CodeIgniter\CodeIgniter->runController(Object(App\Controllers\Service))
 3 SYSTEMPATH\CodeIgniter.php(361): CodeIgniter\CodeIgniter->handleRequest(null, Object(Config\Cache), false)
 4 FCPATH\index.php(84): CodeIgniter\CodeIgniter->run()
CRITICAL - 2024-06-26 14:01:14 --> ErrorException: Undefined array key "Test"
in APPPATH\Controllers\Service.php on line 119.
 1 APPPATH\Controllers\Service.php(119): CodeIgniter\Debug\Exceptions->errorHandler(2, 'Undefined array key "Test"', 'C:\\xampp\\htdocs\\ci\\app\\Controllers\\Service.php', 119)
 2 SYSTEMPATH\CodeIgniter.php(941): App\Controllers\Service->postuser()
 3 SYSTEMPATH\CodeIgniter.php(502): CodeIgniter\CodeIgniter->runController(Object(App\Controllers\Service))
 4 SYSTEMPATH\CodeIgniter.php(361): CodeIgniter\CodeIgniter->handleRequest(null, Object(Config\Cache), false)
 5 FCPATH\index.php(84): CodeIgniter\CodeIgniter->run()
CRITICAL - 2024-06-26 14:01:36 --> ErrorException: Undefined array key "Test"
in APPPATH\Controllers\Service.php on line 119.
 1 APPPATH\Controllers\Service.php(119): CodeIgniter\Debug\Exceptions->errorHandler(2, 'Undefined array key "Test"', 'C:\\xampp\\htdocs\\ci\\app\\Controllers\\Service.php', 119)
 2 SYSTEMPATH\CodeIgniter.php(941): App\Controllers\Service->postuser()
 3 SYSTEMPATH\CodeIgniter.php(502): CodeIgniter\CodeIgniter->runController(Object(App\Controllers\Service))
 4 SYSTEMPATH\CodeIgniter.php(361): CodeIgniter\CodeIgniter->handleRequest(null, Object(Config\Cache), false)
 5 FCPATH\index.php(84): CodeIgniter\CodeIgniter->run()
CRITICAL - 2024-06-26 14:01:50 --> ErrorException: Undefined array key "Test"
in APPPATH\Controllers\Service.php on line 119.
 1 APPPATH\Controllers\Service.php(119): CodeIgniter\Debug\Exceptions->errorHandler(2, 'Undefined array key "Test"', 'C:\\xampp\\htdocs\\ci\\app\\Controllers\\Service.php', 119)
 2 SYSTEMPATH\CodeIgniter.php(941): App\Controllers\Service->postuser()
 3 SYSTEMPATH\CodeIgniter.php(502): CodeIgniter\CodeIgniter->runController(Object(App\Controllers\Service))
 4 SYSTEMPATH\CodeIgniter.php(361): CodeIgniter\CodeIgniter->handleRequest(null, Object(Config\Cache), false)
 5 FCPATH\index.php(84): CodeIgniter\CodeIgniter->run()
CRITICAL - 2024-06-26 14:07:22 --> ErrorException: Undefined array key "test"
in APPPATH\Controllers\Service.php on line 119.
 1 APPPATH\Controllers\Service.php(119): CodeIgniter\Debug\Exceptions->errorHandler(2, 'Undefined array key "test"', 'C:\\xampp\\htdocs\\ci\\app\\Controllers\\Service.php', 119)
 2 SYSTEMPATH\CodeIgniter.php(941): App\Controllers\Service->postuser()
 3 SYSTEMPATH\CodeIgniter.php(502): CodeIgniter\CodeIgniter->runController(Object(App\Controllers\Service))
 4 SYSTEMPATH\CodeIgniter.php(361): CodeIgniter\CodeIgniter->handleRequest(null, Object(Config\Cache), false)
 5 FCPATH\index.php(84): CodeIgniter\CodeIgniter->run()
CRITICAL - 2024-06-26 15:22:52 --> ErrorException: Undefined array key "test"
in APPPATH\Controllers\Service.php on line 119.
 1 APPPATH\Controllers\Service.php(119): CodeIgniter\Debug\Exceptions->errorHandler(2, 'Undefined array key "test"', 'C:\\xampp\\htdocs\\ci\\app\\Controllers\\Service.php', 119)
 2 SYSTEMPATH\CodeIgniter.php(941): App\Controllers\Service->postuser()
 3 SYSTEMPATH\CodeIgniter.php(502): CodeIgniter\CodeIgniter->runController(Object(App\Controllers\Service))
 4 SYSTEMPATH\CodeIgniter.php(361): CodeIgniter\CodeIgniter->handleRequest(null, Object(Config\Cache), false)
 5 FCPATH\index.php(84): CodeIgniter\CodeIgniter->run()
CRITICAL - 2024-06-26 15:23:26 --> ErrorException: Undefined array key "test"
in APPPATH\Controllers\Service.php on line 119.
 1 APPPATH\Controllers\Service.php(119): CodeIgniter\Debug\Exceptions->errorHandler(2, 'Undefined array key "test"', 'C:\\xampp\\htdocs\\ci\\app\\Controllers\\Service.php', 119)
 2 SYSTEMPATH\CodeIgniter.php(941): App\Controllers\Service->postuser()
 3 SYSTEMPATH\CodeIgniter.php(502): CodeIgniter\CodeIgniter->runController(Object(App\Controllers\Service))
 4 SYSTEMPATH\CodeIgniter.php(361): CodeIgniter\CodeIgniter->handleRequest(null, Object(Config\Cache), false)
 5 FCPATH\index.php(84): CodeIgniter\CodeIgniter->run()
CRITICAL - 2024-06-26 15:23:37 --> ErrorException: Undefined array key "test"
in APPPATH\Controllers\Service.php on line 119.
 1 APPPATH\Controllers\Service.php(119): CodeIgniter\Debug\Exceptions->errorHandler(2, 'Undefined array key "test"', 'C:\\xampp\\htdocs\\ci\\app\\Controllers\\Service.php', 119)
 2 SYSTEMPATH\CodeIgniter.php(941): App\Controllers\Service->postuser()
 3 SYSTEMPATH\CodeIgniter.php(502): CodeIgniter\CodeIgniter->runController(Object(App\Controllers\Service))
 4 SYSTEMPATH\CodeIgniter.php(361): CodeIgniter\CodeIgniter->handleRequest(null, Object(Config\Cache), false)
 5 FCPATH\index.php(84): CodeIgniter\CodeIgniter->run()
CRITICAL - 2024-06-26 15:24:01 --> ErrorException: Undefined array key "test"
in APPPATH\Controllers\Service.php on line 119.
 1 APPPATH\Controllers\Service.php(119): CodeIgniter\Debug\Exceptions->errorHandler(2, 'Undefined array key "test"', 'C:\\xampp\\htdocs\\ci\\app\\Controllers\\Service.php', 119)
 2 SYSTEMPATH\CodeIgniter.php(941): App\Controllers\Service->postuser()
 3 SYSTEMPATH\CodeIgniter.php(502): CodeIgniter\CodeIgniter->runController(Object(App\Controllers\Service))
 4 SYSTEMPATH\CodeIgniter.php(361): CodeIgniter\CodeIgniter->handleRequest(null, Object(Config\Cache), false)
 5 FCPATH\index.php(84): CodeIgniter\CodeIgniter->run()
