CRITICAL - 2024-06-24 09:52:31 --> ErrorException: Undefined property: stdClass::$user_id
in APPPATH\Views\user_info2.php on line 160.
 1 APPPATH\Views\user_info2.php(160): CodeIgniter\Debug\Exceptions->errorHandler(2, 'Undefined property: stdClass::$user_id', 'C:\\xampp\\htdocs\\ci\\app\\Views\\user_info2.php', 160)
 2 SYSTEMPATH\View\View.php(228): include('C:\\xampp\\htdocs\\ci\\app\\Views\\user_info2.php')
 3 SYSTEMPATH\View\View.php(231): CodeIgniter\View\View->CodeIgniter\View\{closure}()
 4 SYSTEMPATH\Common.php(1178): CodeIgniter\View\View->render('user_info2', [], true)
 5 APPPATH\Controllers\Demo.php(217): view('user_info2', [...])
 6 SYSTEMPATH\CodeIgniter.php(941): App\Controllers\Demo->login_process()
 7 SYSTEMPATH\CodeIgniter.php(502): CodeIgniter\CodeIgniter->runController(Object(App\Controllers\Demo))
 8 SYSTEMPATH\CodeIgniter.php(361): CodeIgniter\CodeIgniter->handleRequest(null, Object(Config\Cache), false)
 9 FCPATH\index.php(84): CodeIgniter\CodeIgniter->run()
INFO - 2024-06-24 02:52:46 --> Session: Class initialized using 'CodeIgniter\Session\Handlers\FileHandler' driver.
WARNING - 2024-06-24 02:52:46 --> Session: Sessions is enabled, and one exists. Please don't $session->start();
CRITICAL - 2024-06-24 09:52:46 --> ErrorException: Undefined property: stdClass::$user_id
in APPPATH\Views\user_info2.php on line 160.
 1 APPPATH\Views\user_info2.php(160): CodeIgniter\Debug\Exceptions->errorHandler(2, 'Undefined property: stdClass::$user_id', 'C:\\xampp\\htdocs\\ci\\app\\Views\\user_info2.php', 160)
 2 SYSTEMPATH\View\View.php(228): include('C:\\xampp\\htdocs\\ci\\app\\Views\\user_info2.php')
 3 SYSTEMPATH\View\View.php(231): CodeIgniter\View\View->CodeIgniter\View\{closure}()
 4 SYSTEMPATH\Common.php(1178): CodeIgniter\View\View->render('user_info2', [], true)
 5 APPPATH\Controllers\Demo.php(217): view('user_info2', [...])
 6 SYSTEMPATH\CodeIgniter.php(941): App\Controllers\Demo->login_process()
 7 SYSTEMPATH\CodeIgniter.php(502): CodeIgniter\CodeIgniter->runController(Object(App\Controllers\Demo))
 8 SYSTEMPATH\CodeIgniter.php(361): CodeIgniter\CodeIgniter->handleRequest(null, Object(Config\Cache), false)
 9 FCPATH\index.php(84): CodeIgniter\CodeIgniter->run()
INFO - 2024-06-24 02:53:35 --> Session: Class initialized using 'CodeIgniter\Session\Handlers\FileHandler' driver.
WARNING - 2024-06-24 02:53:35 --> Session: Sessions is enabled, and one exists. Please don't $session->start();
INFO - 2024-06-24 02:55:15 --> Session: Class initialized using 'CodeIgniter\Session\Handlers\FileHandler' driver.
WARNING - 2024-06-24 02:55:15 --> Session: Sessions is enabled, and one exists. Please don't $session->start();
INFO - 2024-06-24 02:56:18 --> Session: Class initialized using 'CodeIgniter\Session\Handlers\FileHandler' driver.
WARNING - 2024-06-24 02:56:18 --> Session: Sessions is enabled, and one exists. Please don't $session->start();
INFO - 2024-06-24 02:57:46 --> Session: Class initialized using 'CodeIgniter\Session\Handlers\FileHandler' driver.
WARNING - 2024-06-24 02:57:46 --> Session: Sessions is enabled, and one exists. Please don't $session->start();
INFO - 2024-06-24 03:01:00 --> Session: Class initialized using 'CodeIgniter\Session\Handlers\FileHandler' driver.
WARNING - 2024-06-24 03:01:00 --> Session: Sessions is enabled, and one exists. Please don't $session->start();
INFO - 2024-06-24 03:01:25 --> Session: Class initialized using 'CodeIgniter\Session\Handlers\FileHandler' driver.
WARNING - 2024-06-24 03:01:25 --> Session: Sessions is enabled, and one exists. Please don't $session->start();
INFO - 2024-06-24 03:01:32 --> Session: Class initialized using 'CodeIgniter\Session\Handlers\FileHandler' driver.
WARNING - 2024-06-24 03:01:32 --> Session: Sessions is enabled, and one exists. Please don't $session->start();
INFO - 2024-06-24 03:04:43 --> Session: Class initialized using 'CodeIgniter\Session\Handlers\FileHandler' driver.
WARNING - 2024-06-24 03:04:43 --> Session: Sessions is enabled, and one exists. Please don't $session->start();
INFO - 2024-06-24 03:05:51 --> Session: Class initialized using 'CodeIgniter\Session\Handlers\FileHandler' driver.
WARNING - 2024-06-24 03:05:51 --> Session: Sessions is enabled, and one exists. Please don't $session->start();
INFO - 2024-06-24 03:05:55 --> Session: Class initialized using 'CodeIgniter\Session\Handlers\FileHandler' driver.
WARNING - 2024-06-24 03:05:55 --> Session: Sessions is enabled, and one exists. Please don't $session->start();
INFO - 2024-06-24 03:06:06 --> Session: Class initialized using 'CodeIgniter\Session\Handlers\FileHandler' driver.
WARNING - 2024-06-24 03:06:06 --> Session: Sessions is enabled, and one exists. Please don't $session->start();
INFO - 2024-06-24 03:06:31 --> Session: Class initialized using 'CodeIgniter\Session\Handlers\FileHandler' driver.
WARNING - 2024-06-24 03:06:31 --> Session: Sessions is enabled, and one exists. Please don't $session->start();
INFO - 2024-06-24 03:06:34 --> Session: Class initialized using 'CodeIgniter\Session\Handlers\FileHandler' driver.
WARNING - 2024-06-24 03:06:34 --> Session: Sessions is enabled, and one exists. Please don't $session->start();
INFO - 2024-06-24 03:07:27 --> Session: Class initialized using 'CodeIgniter\Session\Handlers\FileHandler' driver.
WARNING - 2024-06-24 03:07:27 --> Session: Sessions is enabled, and one exists. Please don't $session->start();
INFO - 2024-06-24 03:07:53 --> Session: Class initialized using 'CodeIgniter\Session\Handlers\FileHandler' driver.
WARNING - 2024-06-24 03:07:53 --> Session: Sessions is enabled, and one exists. Please don't $session->start();
INFO - 2024-06-24 03:08:03 --> Session: Class initialized using 'CodeIgniter\Session\Handlers\FileHandler' driver.
WARNING - 2024-06-24 03:08:03 --> Session: Sessions is enabled, and one exists. Please don't $session->start();
INFO - 2024-06-24 03:08:22 --> Session: Class initialized using 'CodeIgniter\Session\Handlers\FileHandler' driver.
WARNING - 2024-06-24 03:08:22 --> Session: Sessions is enabled, and one exists. Please don't $session->start();
INFO - 2024-06-24 03:08:24 --> Session: Class initialized using 'CodeIgniter\Session\Handlers\FileHandler' driver.
WARNING - 2024-06-24 03:08:24 --> Session: Sessions is enabled, and one exists. Please don't $session->start();
INFO - 2024-06-24 03:08:28 --> Session: Class initialized using 'CodeIgniter\Session\Handlers\FileHandler' driver.
WARNING - 2024-06-24 03:08:28 --> Session: Sessions is enabled, and one exists. Please don't $session->start();
INFO - 2024-06-24 03:08:30 --> Session: Class initialized using 'CodeIgniter\Session\Handlers\FileHandler' driver.
WARNING - 2024-06-24 03:08:30 --> Session: Sessions is enabled, and one exists. Please don't $session->start();
INFO - 2024-06-24 03:08:35 --> Session: Class initialized using 'CodeIgniter\Session\Handlers\FileHandler' driver.
WARNING - 2024-06-24 03:08:35 --> Session: Sessions is enabled, and one exists. Please don't $session->start();
INFO - 2024-06-24 03:08:37 --> Session: Class initialized using 'CodeIgniter\Session\Handlers\FileHandler' driver.
WARNING - 2024-06-24 03:08:37 --> Session: Sessions is enabled, and one exists. Please don't $session->start();
INFO - 2024-06-24 03:08:41 --> Session: Class initialized using 'CodeIgniter\Session\Handlers\FileHandler' driver.
WARNING - 2024-06-24 03:08:41 --> Session: Sessions is enabled, and one exists. Please don't $session->start();
INFO - 2024-06-24 03:08:42 --> Session: Class initialized using 'CodeIgniter\Session\Handlers\FileHandler' driver.
WARNING - 2024-06-24 03:08:42 --> Session: Sessions is enabled, and one exists. Please don't $session->start();
INFO - 2024-06-24 03:08:46 --> Session: Class initialized using 'CodeIgniter\Session\Handlers\FileHandler' driver.
WARNING - 2024-06-24 03:08:46 --> Session: Sessions is enabled, and one exists. Please don't $session->start();
INFO - 2024-06-24 03:08:47 --> Session: Class initialized using 'CodeIgniter\Session\Handlers\FileHandler' driver.
WARNING - 2024-06-24 03:08:47 --> Session: Sessions is enabled, and one exists. Please don't $session->start();
INFO - 2024-06-24 03:11:42 --> Session: Class initialized using 'CodeIgniter\Session\Handlers\FileHandler' driver.
WARNING - 2024-06-24 03:11:42 --> Session: Sessions is enabled, and one exists. Please don't $session->start();
INFO - 2024-06-24 03:11:44 --> Session: Class initialized using 'CodeIgniter\Session\Handlers\FileHandler' driver.
WARNING - 2024-06-24 03:11:44 --> Session: Sessions is enabled, and one exists. Please don't $session->start();
INFO - 2024-06-24 03:13:36 --> Session: Class initialized using 'CodeIgniter\Session\Handlers\FileHandler' driver.
WARNING - 2024-06-24 03:13:36 --> Session: Sessions is enabled, and one exists. Please don't $session->start();
INFO - 2024-06-24 03:15:01 --> Session: Class initialized using 'CodeIgniter\Session\Handlers\FileHandler' driver.
WARNING - 2024-06-24 03:15:01 --> Session: Sessions is enabled, and one exists. Please don't $session->start();
INFO - 2024-06-24 03:15:19 --> Session: Class initialized using 'CodeIgniter\Session\Handlers\FileHandler' driver.
WARNING - 2024-06-24 03:15:19 --> Session: Sessions is enabled, and one exists. Please don't $session->start();
INFO - 2024-06-24 03:15:49 --> Session: Class initialized using 'CodeIgniter\Session\Handlers\FileHandler' driver.
WARNING - 2024-06-24 03:15:49 --> Session: Sessions is enabled, and one exists. Please don't $session->start();
INFO - 2024-06-24 03:16:12 --> Session: Class initialized using 'CodeIgniter\Session\Handlers\FileHandler' driver.
WARNING - 2024-06-24 03:16:12 --> Session: Sessions is enabled, and one exists. Please don't $session->start();
INFO - 2024-06-24 03:16:23 --> Session: Class initialized using 'CodeIgniter\Session\Handlers\FileHandler' driver.
WARNING - 2024-06-24 03:16:23 --> Session: Sessions is enabled, and one exists. Please don't $session->start();
INFO - 2024-06-24 03:18:16 --> Session: Class initialized using 'CodeIgniter\Session\Handlers\FileHandler' driver.
WARNING - 2024-06-24 03:18:16 --> Session: Sessions is enabled, and one exists. Please don't $session->start();
INFO - 2024-06-24 03:18:18 --> Session: Class initialized using 'CodeIgniter\Session\Handlers\FileHandler' driver.
WARNING - 2024-06-24 03:18:18 --> Session: Sessions is enabled, and one exists. Please don't $session->start();
INFO - 2024-06-24 03:18:46 --> Session: Class initialized using 'CodeIgniter\Session\Handlers\FileHandler' driver.
WARNING - 2024-06-24 03:18:46 --> Session: Sessions is enabled, and one exists. Please don't $session->start();
INFO - 2024-06-24 03:18:48 --> Session: Class initialized using 'CodeIgniter\Session\Handlers\FileHandler' driver.
WARNING - 2024-06-24 03:18:48 --> Session: Sessions is enabled, and one exists. Please don't $session->start();
INFO - 2024-06-24 03:19:15 --> Session: Class initialized using 'CodeIgniter\Session\Handlers\FileHandler' driver.
WARNING - 2024-06-24 03:19:15 --> Session: Sessions is enabled, and one exists. Please don't $session->start();
INFO - 2024-06-24 03:19:17 --> Session: Class initialized using 'CodeIgniter\Session\Handlers\FileHandler' driver.
WARNING - 2024-06-24 03:19:17 --> Session: Sessions is enabled, and one exists. Please don't $session->start();
INFO - 2024-06-24 03:22:52 --> Session: Class initialized using 'CodeIgniter\Session\Handlers\FileHandler' driver.
WARNING - 2024-06-24 03:22:52 --> Session: Sessions is enabled, and one exists. Please don't $session->start();
INFO - 2024-06-24 03:22:55 --> Session: Class initialized using 'CodeIgniter\Session\Handlers\FileHandler' driver.
WARNING - 2024-06-24 03:22:55 --> Session: Sessions is enabled, and one exists. Please don't $session->start();
INFO - 2024-06-24 03:45:13 --> Session: Class initialized using 'CodeIgniter\Session\Handlers\FileHandler' driver.
WARNING - 2024-06-24 03:45:13 --> Session: Sessions is enabled, and one exists. Please don't $session->start();
INFO - 2024-06-24 03:45:21 --> Session: Class initialized using 'CodeIgniter\Session\Handlers\FileHandler' driver.
WARNING - 2024-06-24 03:45:21 --> Session: Sessions is enabled, and one exists. Please don't $session->start();
INFO - 2024-06-24 03:50:10 --> Session: Class initialized using 'CodeIgniter\Session\Handlers\FileHandler' driver.
WARNING - 2024-06-24 03:50:10 --> Session: Sessions is enabled, and one exists. Please don't $session->start();
INFO - 2024-06-24 03:50:11 --> Session: Class initialized using 'CodeIgniter\Session\Handlers\FileHandler' driver.
WARNING - 2024-06-24 03:50:11 --> Session: Sessions is enabled, and one exists. Please don't $session->start();
ERROR - 2024-06-24 10:50:11 --> mysqli_sql_exception: Column 'event_id' cannot be null in C:\xampp\htdocs\ci\system\Database\MySQLi\Connection.php:306
Stack trace:
#0 C:\xampp\htdocs\ci\system\Database\MySQLi\Connection.php(306): mysqli->query('INSERT INTO use...', 0)
#1 C:\xampp\htdocs\ci\system\Database\BaseConnection.php(693): CodeIgniter\Database\MySQLi\Connection->execute('INSERT INTO use...')
#2 C:\xampp\htdocs\ci\system\Database\BaseConnection.php(607): CodeIgniter\Database\BaseConnection->simpleQuery('INSERT INTO use...')
#3 C:\xampp\htdocs\ci\app\Models\Mydev_model.php(29): CodeIgniter\Database\BaseConnection->query('INSERT INTO use...', Array)
#4 C:\xampp\htdocs\ci\app\Controllers\Service.php(57): App\Models\Mydev_model->execute_binding('INSERT INTO use...', Array)
#5 C:\xampp\htdocs\ci\system\CodeIgniter.php(941): App\Controllers\Service->insert()
#6 C:\xampp\htdocs\ci\system\CodeIgniter.php(502): CodeIgniter\CodeIgniter->runController(Object(App\Controllers\Service))
#7 C:\xampp\htdocs\ci\system\CodeIgniter.php(361): CodeIgniter\CodeIgniter->handleRequest(NULL, Object(Config\Cache), false)
#8 C:\xampp\htdocs\ci\public\index.php(84): CodeIgniter\CodeIgniter->run()
#9 {main}
CRITICAL - 2024-06-24 10:50:12 --> CodeIgniter\Database\Exceptions\DatabaseException: Column 'event_id' cannot be null
in SYSTEMPATH\Database\BaseConnection.php on line 647.
 1 APPPATH\Models\Mydev_model.php(29): CodeIgniter\Database\BaseConnection->query('INSERT INTO user_event (no,event_id, user_id, date_time,value_sum) VALUES (?,?, ?, ?,?) ON DUPLICATE KEY UPDATE no=VALUES(no),event_id=VALUES(event_id),date_time=VALUES(date_time),value_sum=VALUES(value_sum) ;', [...])
 2 APPPATH\Controllers\Service.php(57): App\Models\Mydev_model->execute_binding('INSERT INTO user_event (no,event_id, user_id, date_time,value_sum) VALUES (?,?, ?, ?,?) ON DUPLICATE KEY UPDATE no=VALUES(no),event_id=VALUES(event_id),date_time=VALUES(date_time),value_sum=VALUES(value_sum) ;', [...])
 3 SYSTEMPATH\CodeIgniter.php(941): App\Controllers\Service->insert()
 4 SYSTEMPATH\CodeIgniter.php(502): CodeIgniter\CodeIgniter->runController(Object(App\Controllers\Service))
 5 SYSTEMPATH\CodeIgniter.php(361): CodeIgniter\CodeIgniter->handleRequest(null, Object(Config\Cache), false)
 6 FCPATH\index.php(84): CodeIgniter\CodeIgniter->run()
CRITICAL - 2024-06-24 10:50:12 --> [Caused by] CodeIgniter\Database\Exceptions\DatabaseException: Column 'event_id' cannot be null
in SYSTEMPATH\Database\MySQLi\Connection.php on line 311.
 1 SYSTEMPATH\Database\BaseConnection.php(693): CodeIgniter\Database\MySQLi\Connection->execute('INSERT INTO user_event (no,event_id, user_id, date_time,value_sum) VALUES (1,NULL, 1985169836, \'2024-06-24 10:50:11\',\'15000\') ON DUPLICATE KEY UPDATE no=VALUES(no),event_id=VALUES(event_id),date_time=VALUES(date_time),value_sum=VALUES(value_sum) ;')
 2 SYSTEMPATH\Database\BaseConnection.php(607): CodeIgniter\Database\BaseConnection->simpleQuery('INSERT INTO user_event (no,event_id, user_id, date_time,value_sum) VALUES (1,NULL, 1985169836, \'2024-06-24 10:50:11\',\'15000\') ON DUPLICATE KEY UPDATE no=VALUES(no),event_id=VALUES(event_id),date_time=VALUES(date_time),value_sum=VALUES(value_sum) ;')
 3 APPPATH\Models\Mydev_model.php(29): CodeIgniter\Database\BaseConnection->query('INSERT INTO user_event (no,event_id, user_id, date_time,value_sum) VALUES (?,?, ?, ?,?) ON DUPLICATE KEY UPDATE no=VALUES(no),event_id=VALUES(event_id),date_time=VALUES(date_time),value_sum=VALUES(value_sum) ;', [...])
 4 APPPATH\Controllers\Service.php(57): App\Models\Mydev_model->execute_binding('INSERT INTO user_event (no,event_id, user_id, date_time,value_sum) VALUES (?,?, ?, ?,?) ON DUPLICATE KEY UPDATE no=VALUES(no),event_id=VALUES(event_id),date_time=VALUES(date_time),value_sum=VALUES(value_sum) ;', [...])
 5 SYSTEMPATH\CodeIgniter.php(941): App\Controllers\Service->insert()
 6 SYSTEMPATH\CodeIgniter.php(502): CodeIgniter\CodeIgniter->runController(Object(App\Controllers\Service))
 7 SYSTEMPATH\CodeIgniter.php(361): CodeIgniter\CodeIgniter->handleRequest(null, Object(Config\Cache), false)
 8 FCPATH\index.php(84): CodeIgniter\CodeIgniter->run()
CRITICAL - 2024-06-24 10:50:12 --> [Caused by] mysqli_sql_exception: Column 'event_id' cannot be null
in SYSTEMPATH\Database\MySQLi\Connection.php on line 306.
 1 SYSTEMPATH\Database\MySQLi\Connection.php(306): mysqli->query('INSERT INTO user_event (no,event_id, user_id, date_time,value_sum) VALUES (1,NULL, 1985169836, \'2024-06-24 10:50:11\',\'15000\') ON DUPLICATE KEY UPDATE no=VALUES(no),event_id=VALUES(event_id),date_time=VALUES(date_time),value_sum=VALUES(value_sum) ;', 0)
 2 SYSTEMPATH\Database\BaseConnection.php(693): CodeIgniter\Database\MySQLi\Connection->execute('INSERT INTO user_event (no,event_id, user_id, date_time,value_sum) VALUES (1,NULL, 1985169836, \'2024-06-24 10:50:11\',\'15000\') ON DUPLICATE KEY UPDATE no=VALUES(no),event_id=VALUES(event_id),date_time=VALUES(date_time),value_sum=VALUES(value_sum) ;')
 3 SYSTEMPATH\Database\BaseConnection.php(607): CodeIgniter\Database\BaseConnection->simpleQuery('INSERT INTO user_event (no,event_id, user_id, date_time,value_sum) VALUES (1,NULL, 1985169836, \'2024-06-24 10:50:11\',\'15000\') ON DUPLICATE KEY UPDATE no=VALUES(no),event_id=VALUES(event_id),date_time=VALUES(date_time),value_sum=VALUES(value_sum) ;')
 4 APPPATH\Models\Mydev_model.php(29): CodeIgniter\Database\BaseConnection->query('INSERT INTO user_event (no,event_id, user_id, date_time,value_sum) VALUES (?,?, ?, ?,?) ON DUPLICATE KEY UPDATE no=VALUES(no),event_id=VALUES(event_id),date_time=VALUES(date_time),value_sum=VALUES(value_sum) ;', [...])
 5 APPPATH\Controllers\Service.php(57): App\Models\Mydev_model->execute_binding('INSERT INTO user_event (no,event_id, user_id, date_time,value_sum) VALUES (?,?, ?, ?,?) ON DUPLICATE KEY UPDATE no=VALUES(no),event_id=VALUES(event_id),date_time=VALUES(date_time),value_sum=VALUES(value_sum) ;', [...])
 6 SYSTEMPATH\CodeIgniter.php(941): App\Controllers\Service->insert()
 7 SYSTEMPATH\CodeIgniter.php(502): CodeIgniter\CodeIgniter->runController(Object(App\Controllers\Service))
 8 SYSTEMPATH\CodeIgniter.php(361): CodeIgniter\CodeIgniter->handleRequest(null, Object(Config\Cache), false)
 9 FCPATH\index.php(84): CodeIgniter\CodeIgniter->run()
INFO - 2024-06-24 03:50:47 --> Session: Class initialized using 'CodeIgniter\Session\Handlers\FileHandler' driver.
WARNING - 2024-06-24 03:50:47 --> Session: Sessions is enabled, and one exists. Please don't $session->start();
INFO - 2024-06-24 03:51:09 --> Session: Class initialized using 'CodeIgniter\Session\Handlers\FileHandler' driver.
WARNING - 2024-06-24 03:51:09 --> Session: Sessions is enabled, and one exists. Please don't $session->start();
INFO - 2024-06-24 03:56:19 --> Session: Class initialized using 'CodeIgniter\Session\Handlers\FileHandler' driver.
WARNING - 2024-06-24 03:56:19 --> Session: Sessions is enabled, and one exists. Please don't $session->start();
INFO - 2024-06-24 04:01:59 --> Session: Class initialized using 'CodeIgniter\Session\Handlers\FileHandler' driver.
WARNING - 2024-06-24 04:01:59 --> Session: Sessions is enabled, and one exists. Please don't $session->start();
INFO - 2024-06-24 04:11:35 --> Session: Class initialized using 'CodeIgniter\Session\Handlers\FileHandler' driver.
WARNING - 2024-06-24 04:11:35 --> Session: Sessions is enabled, and one exists. Please don't $session->start();
INFO - 2024-06-24 04:11:42 --> Session: Class initialized using 'CodeIgniter\Session\Handlers\FileHandler' driver.
WARNING - 2024-06-24 04:11:42 --> Session: Sessions is enabled, and one exists. Please don't $session->start();
INFO - 2024-06-24 04:11:44 --> Session: Class initialized using 'CodeIgniter\Session\Handlers\FileHandler' driver.
WARNING - 2024-06-24 04:11:44 --> Session: Sessions is enabled, and one exists. Please don't $session->start();
INFO - 2024-06-24 04:30:38 --> Session: Class initialized using 'CodeIgniter\Session\Handlers\FileHandler' driver.
WARNING - 2024-06-24 04:30:38 --> Session: Sessions is enabled, and one exists. Please don't $session->start();
INFO - 2024-06-24 04:32:38 --> Session: Class initialized using 'CodeIgniter\Session\Handlers\FileHandler' driver.
WARNING - 2024-06-24 04:32:38 --> Session: Sessions is enabled, and one exists. Please don't $session->start();
ERROR - 2024-06-24 11:32:38 --> mysqli_sql_exception: You have an error in your SQL syntax; check the manual that corresponds to your MariaDB server version for the right syntax to use near 'ORDER BY user_event.no' at line 1 in C:\xampp\htdocs\ci\system\Database\MySQLi\Connection.php:306
Stack trace:
#0 C:\xampp\htdocs\ci\system\Database\MySQLi\Connection.php(306): mysqli->query('SELECT user_eve...', 0)
#1 C:\xampp\htdocs\ci\system\Database\BaseConnection.php(693): CodeIgniter\Database\MySQLi\Connection->execute('SELECT user_eve...')
#2 C:\xampp\htdocs\ci\system\Database\BaseConnection.php(607): CodeIgniter\Database\BaseConnection->simpleQuery('SELECT user_eve...')
#3 C:\xampp\htdocs\ci\app\Models\Mydev_model.php(34): CodeIgniter\Database\BaseConnection->query('SELECT user_eve...')
#4 C:\xampp\htdocs\ci\app\Controllers\Demo.php(201): App\Models\Mydev_model->select('SELECT user_eve...')
#5 C:\xampp\htdocs\ci\system\CodeIgniter.php(941): App\Controllers\Demo->login_process()
#6 C:\xampp\htdocs\ci\system\CodeIgniter.php(502): CodeIgniter\CodeIgniter->runController(Object(App\Controllers\Demo))
#7 C:\xampp\htdocs\ci\system\CodeIgniter.php(361): CodeIgniter\CodeIgniter->handleRequest(NULL, Object(Config\Cache), false)
#8 C:\xampp\htdocs\ci\public\index.php(84): CodeIgniter\CodeIgniter->run()
#9 {main}
CRITICAL - 2024-06-24 11:32:38 --> CodeIgniter\Database\Exceptions\DatabaseException: You have an error in your SQL syntax; check the manual that corresponds to your MariaDB server version for the right syntax to use near 'ORDER BY user_event.no' at line 1
in SYSTEMPATH\Database\BaseConnection.php on line 647.
 1 APPPATH\Models\Mydev_model.php(34): CodeIgniter\Database\BaseConnection->query('SELECT user_event.no,user_event.event_id,register.username,user_event.date_time,user_event.value_sum,user_event.type_user FROM user_event LEFT JOIN register ON user_event.user_id=register.user_id WHERE  ORDER BY user_event.no;')
 2 APPPATH\Controllers\Demo.php(201): App\Models\Mydev_model->select('SELECT user_event.no,user_event.event_id,register.username,user_event.date_time,user_event.value_sum,user_event.type_user FROM user_event LEFT JOIN register ON user_event.user_id=register.user_id WHERE  ORDER BY user_event.no;')
 3 SYSTEMPATH\CodeIgniter.php(941): App\Controllers\Demo->login_process()
 4 SYSTEMPATH\CodeIgniter.php(502): CodeIgniter\CodeIgniter->runController(Object(App\Controllers\Demo))
 5 SYSTEMPATH\CodeIgniter.php(361): CodeIgniter\CodeIgniter->handleRequest(null, Object(Config\Cache), false)
 6 FCPATH\index.php(84): CodeIgniter\CodeIgniter->run()
CRITICAL - 2024-06-24 11:32:38 --> [Caused by] CodeIgniter\Database\Exceptions\DatabaseException: You have an error in your SQL syntax; check the manual that corresponds to your MariaDB server version for the right syntax to use near 'ORDER BY user_event.no' at line 1
in SYSTEMPATH\Database\MySQLi\Connection.php on line 311.
 1 SYSTEMPATH\Database\BaseConnection.php(693): CodeIgniter\Database\MySQLi\Connection->execute('SELECT user_event.no,user_event.event_id,register.username,user_event.date_time,user_event.value_sum,user_event.type_user FROM user_event LEFT JOIN register ON user_event.user_id=register.user_id WHERE  ORDER BY user_event.no;')
 2 SYSTEMPATH\Database\BaseConnection.php(607): CodeIgniter\Database\BaseConnection->simpleQuery('SELECT user_event.no,user_event.event_id,register.username,user_event.date_time,user_event.value_sum,user_event.type_user FROM user_event LEFT JOIN register ON user_event.user_id=register.user_id WHERE  ORDER BY user_event.no;')
 3 APPPATH\Models\Mydev_model.php(34): CodeIgniter\Database\BaseConnection->query('SELECT user_event.no,user_event.event_id,register.username,user_event.date_time,user_event.value_sum,user_event.type_user FROM user_event LEFT JOIN register ON user_event.user_id=register.user_id WHERE  ORDER BY user_event.no;')
 4 APPPATH\Controllers\Demo.php(201): App\Models\Mydev_model->select('SELECT user_event.no,user_event.event_id,register.username,user_event.date_time,user_event.value_sum,user_event.type_user FROM user_event LEFT JOIN register ON user_event.user_id=register.user_id WHERE  ORDER BY user_event.no;')
 5 SYSTEMPATH\CodeIgniter.php(941): App\Controllers\Demo->login_process()
 6 SYSTEMPATH\CodeIgniter.php(502): CodeIgniter\CodeIgniter->runController(Object(App\Controllers\Demo))
 7 SYSTEMPATH\CodeIgniter.php(361): CodeIgniter\CodeIgniter->handleRequest(null, Object(Config\Cache), false)
 8 FCPATH\index.php(84): CodeIgniter\CodeIgniter->run()
CRITICAL - 2024-06-24 11:32:38 --> [Caused by] mysqli_sql_exception: You have an error in your SQL syntax; check the manual that corresponds to your MariaDB server version for the right syntax to use near 'ORDER BY user_event.no' at line 1
in SYSTEMPATH\Database\MySQLi\Connection.php on line 306.
 1 SYSTEMPATH\Database\MySQLi\Connection.php(306): mysqli->query('SELECT user_event.no,user_event.event_id,register.username,user_event.date_time,user_event.value_sum,user_event.type_user FROM user_event LEFT JOIN register ON user_event.user_id=register.user_id WHERE  ORDER BY user_event.no;', 0)
 2 SYSTEMPATH\Database\BaseConnection.php(693): CodeIgniter\Database\MySQLi\Connection->execute('SELECT user_event.no,user_event.event_id,register.username,user_event.date_time,user_event.value_sum,user_event.type_user FROM user_event LEFT JOIN register ON user_event.user_id=register.user_id WHERE  ORDER BY user_event.no;')
 3 SYSTEMPATH\Database\BaseConnection.php(607): CodeIgniter\Database\BaseConnection->simpleQuery('SELECT user_event.no,user_event.event_id,register.username,user_event.date_time,user_event.value_sum,user_event.type_user FROM user_event LEFT JOIN register ON user_event.user_id=register.user_id WHERE  ORDER BY user_event.no;')
 4 APPPATH\Models\Mydev_model.php(34): CodeIgniter\Database\BaseConnection->query('SELECT user_event.no,user_event.event_id,register.username,user_event.date_time,user_event.value_sum,user_event.type_user FROM user_event LEFT JOIN register ON user_event.user_id=register.user_id WHERE  ORDER BY user_event.no;')
 5 APPPATH\Controllers\Demo.php(201): App\Models\Mydev_model->select('SELECT user_event.no,user_event.event_id,register.username,user_event.date_time,user_event.value_sum,user_event.type_user FROM user_event LEFT JOIN register ON user_event.user_id=register.user_id WHERE  ORDER BY user_event.no;')
 6 SYSTEMPATH\CodeIgniter.php(941): App\Controllers\Demo->login_process()
 7 SYSTEMPATH\CodeIgniter.php(502): CodeIgniter\CodeIgniter->runController(Object(App\Controllers\Demo))
 8 SYSTEMPATH\CodeIgniter.php(361): CodeIgniter\CodeIgniter->handleRequest(null, Object(Config\Cache), false)
 9 FCPATH\index.php(84): CodeIgniter\CodeIgniter->run()
INFO - 2024-06-24 04:34:25 --> Session: Class initialized using 'CodeIgniter\Session\Handlers\FileHandler' driver.
WARNING - 2024-06-24 04:34:25 --> Session: Sessions is enabled, and one exists. Please don't $session->start();
INFO - 2024-06-24 04:36:13 --> Session: Class initialized using 'CodeIgniter\Session\Handlers\FileHandler' driver.
WARNING - 2024-06-24 04:36:13 --> Session: Sessions is enabled, and one exists. Please don't $session->start();
INFO - 2024-06-24 04:36:18 --> Session: Class initialized using 'CodeIgniter\Session\Handlers\FileHandler' driver.
WARNING - 2024-06-24 04:36:18 --> Session: Sessions is enabled, and one exists. Please don't $session->start();
INFO - 2024-06-24 04:36:26 --> Session: Class initialized using 'CodeIgniter\Session\Handlers\FileHandler' driver.
WARNING - 2024-06-24 04:36:26 --> Session: Sessions is enabled, and one exists. Please don't $session->start();
INFO - 2024-06-24 04:38:56 --> Session: Class initialized using 'CodeIgniter\Session\Handlers\FileHandler' driver.
WARNING - 2024-06-24 04:38:56 --> Session: Sessions is enabled, and one exists. Please don't $session->start();
INFO - 2024-06-24 04:40:21 --> Session: Class initialized using 'CodeIgniter\Session\Handlers\FileHandler' driver.
WARNING - 2024-06-24 04:40:21 --> Session: Sessions is enabled, and one exists. Please don't $session->start();
INFO - 2024-06-24 04:40:23 --> Session: Class initialized using 'CodeIgniter\Session\Handlers\FileHandler' driver.
WARNING - 2024-06-24 04:40:23 --> Session: Sessions is enabled, and one exists. Please don't $session->start();
INFO - 2024-06-24 04:40:27 --> Session: Class initialized using 'CodeIgniter\Session\Handlers\FileHandler' driver.
WARNING - 2024-06-24 04:40:27 --> Session: Sessions is enabled, and one exists. Please don't $session->start();
INFO - 2024-06-24 04:43:16 --> Session: Class initialized using 'CodeIgniter\Session\Handlers\FileHandler' driver.
WARNING - 2024-06-24 04:43:16 --> Session: Sessions is enabled, and one exists. Please don't $session->start();
INFO - 2024-06-24 04:43:19 --> Session: Class initialized using 'CodeIgniter\Session\Handlers\FileHandler' driver.
WARNING - 2024-06-24 04:43:19 --> Session: Sessions is enabled, and one exists. Please don't $session->start();
INFO - 2024-06-24 04:44:56 --> Session: Class initialized using 'CodeIgniter\Session\Handlers\FileHandler' driver.
WARNING - 2024-06-24 04:44:56 --> Session: Sessions is enabled, and one exists. Please don't $session->start();
INFO - 2024-06-24 04:44:59 --> Session: Class initialized using 'CodeIgniter\Session\Handlers\FileHandler' driver.
WARNING - 2024-06-24 04:44:59 --> Session: Sessions is enabled, and one exists. Please don't $session->start();
INFO - 2024-06-24 04:46:26 --> Session: Class initialized using 'CodeIgniter\Session\Handlers\FileHandler' driver.
WARNING - 2024-06-24 04:46:26 --> Session: Sessions is enabled, and one exists. Please don't $session->start();
INFO - 2024-06-24 04:46:29 --> Session: Class initialized using 'CodeIgniter\Session\Handlers\FileHandler' driver.
WARNING - 2024-06-24 04:46:29 --> Session: Sessions is enabled, and one exists. Please don't $session->start();
INFO - 2024-06-24 04:48:09 --> Session: Class initialized using 'CodeIgniter\Session\Handlers\FileHandler' driver.
WARNING - 2024-06-24 04:48:09 --> Session: Sessions is enabled, and one exists. Please don't $session->start();
INFO - 2024-06-24 04:48:11 --> Session: Class initialized using 'CodeIgniter\Session\Handlers\FileHandler' driver.
WARNING - 2024-06-24 04:48:11 --> Session: Sessions is enabled, and one exists. Please don't $session->start();
INFO - 2024-06-24 04:48:52 --> Session: Class initialized using 'CodeIgniter\Session\Handlers\FileHandler' driver.
WARNING - 2024-06-24 04:48:52 --> Session: Sessions is enabled, and one exists. Please don't $session->start();
INFO - 2024-06-24 04:48:57 --> Session: Class initialized using 'CodeIgniter\Session\Handlers\FileHandler' driver.
WARNING - 2024-06-24 04:48:57 --> Session: Sessions is enabled, and one exists. Please don't $session->start();
INFO - 2024-06-24 04:49:13 --> Session: Class initialized using 'CodeIgniter\Session\Handlers\FileHandler' driver.
WARNING - 2024-06-24 04:49:13 --> Session: Sessions is enabled, and one exists. Please don't $session->start();
INFO - 2024-06-24 04:49:15 --> Session: Class initialized using 'CodeIgniter\Session\Handlers\FileHandler' driver.
WARNING - 2024-06-24 04:49:15 --> Session: Sessions is enabled, and one exists. Please don't $session->start();
INFO - 2024-06-24 04:51:13 --> Session: Class initialized using 'CodeIgniter\Session\Handlers\FileHandler' driver.
WARNING - 2024-06-24 04:51:13 --> Session: Sessions is enabled, and one exists. Please don't $session->start();
INFO - 2024-06-24 04:54:29 --> Session: Class initialized using 'CodeIgniter\Session\Handlers\FileHandler' driver.
WARNING - 2024-06-24 04:54:29 --> Session: Sessions is enabled, and one exists. Please don't $session->start();
INFO - 2024-06-24 04:56:35 --> Session: Class initialized using 'CodeIgniter\Session\Handlers\FileHandler' driver.
WARNING - 2024-06-24 04:56:35 --> Session: Sessions is enabled, and one exists. Please don't $session->start();
CRITICAL - 2024-06-24 11:56:35 --> ErrorException: Undefined variable $data_user_event
in APPPATH\Views\user_info2.php on line 11.
 1 APPPATH\Views\user_info2.php(11): CodeIgniter\Debug\Exceptions->errorHandler(2, 'Undefined variable $data_user_event', 'C:\\xampp\\htdocs\\ci\\app\\Views\\user_info2.php', 11)
 2 SYSTEMPATH\View\View.php(228): include('C:\\xampp\\htdocs\\ci\\app\\Views\\user_info2.php')
 3 SYSTEMPATH\View\View.php(231): CodeIgniter\View\View->CodeIgniter\View\{closure}()
 4 SYSTEMPATH\Common.php(1178): CodeIgniter\View\View->render('user_info2', [], true)
 5 APPPATH\Controllers\Demo.php(226): view('user_info2', [...])
 6 SYSTEMPATH\CodeIgniter.php(941): App\Controllers\Demo->login_process()
 7 SYSTEMPATH\CodeIgniter.php(502): CodeIgniter\CodeIgniter->runController(Object(App\Controllers\Demo))
 8 SYSTEMPATH\CodeIgniter.php(361): CodeIgniter\CodeIgniter->handleRequest(null, Object(Config\Cache), false)
 9 FCPATH\index.php(84): CodeIgniter\CodeIgniter->run()
INFO - 2024-06-24 04:56:51 --> Session: Class initialized using 'CodeIgniter\Session\Handlers\FileHandler' driver.
WARNING - 2024-06-24 04:56:51 --> Session: Sessions is enabled, and one exists. Please don't $session->start();
INFO - 2024-06-24 04:57:30 --> Session: Class initialized using 'CodeIgniter\Session\Handlers\FileHandler' driver.
WARNING - 2024-06-24 04:57:30 --> Session: Sessions is enabled, and one exists. Please don't $session->start();
INFO - 2024-06-24 04:57:59 --> Session: Class initialized using 'CodeIgniter\Session\Handlers\FileHandler' driver.
WARNING - 2024-06-24 04:57:59 --> Session: Sessions is enabled, and one exists. Please don't $session->start();
INFO - 2024-06-24 04:58:52 --> Session: Class initialized using 'CodeIgniter\Session\Handlers\FileHandler' driver.
WARNING - 2024-06-24 04:58:52 --> Session: Sessions is enabled, and one exists. Please don't $session->start();
CRITICAL - 2024-06-24 11:58:52 --> ErrorException: Undefined variable $user_event_type_1
in APPPATH\Views\user_info2.php on line 7.
 1 APPPATH\Views\user_info2.php(7): CodeIgniter\Debug\Exceptions->errorHandler(2, 'Undefined variable $user_event_type_1', 'C:\\xampp\\htdocs\\ci\\app\\Views\\user_info2.php', 7)
 2 SYSTEMPATH\View\View.php(228): include('C:\\xampp\\htdocs\\ci\\app\\Views\\user_info2.php')
 3 SYSTEMPATH\View\View.php(231): CodeIgniter\View\View->CodeIgniter\View\{closure}()
 4 SYSTEMPATH\Common.php(1178): CodeIgniter\View\View->render('user_info2', [], true)
 5 APPPATH\Controllers\Demo.php(268): view('user_info2', [...])
 6 SYSTEMPATH\CodeIgniter.php(941): App\Controllers\Demo->login_process()
 7 SYSTEMPATH\CodeIgniter.php(502): CodeIgniter\CodeIgniter->runController(Object(App\Controllers\Demo))
 8 SYSTEMPATH\CodeIgniter.php(361): CodeIgniter\CodeIgniter->handleRequest(null, Object(Config\Cache), false)
 9 FCPATH\index.php(84): CodeIgniter\CodeIgniter->run()
INFO - 2024-06-24 04:59:02 --> Session: Class initialized using 'CodeIgniter\Session\Handlers\FileHandler' driver.
WARNING - 2024-06-24 04:59:02 --> Session: Sessions is enabled, and one exists. Please don't $session->start();
INFO - 2024-06-24 04:59:03 --> Session: Class initialized using 'CodeIgniter\Session\Handlers\FileHandler' driver.
WARNING - 2024-06-24 04:59:03 --> Session: Sessions is enabled, and one exists. Please don't $session->start();
INFO - 2024-06-24 04:59:04 --> Session: Class initialized using 'CodeIgniter\Session\Handlers\FileHandler' driver.
WARNING - 2024-06-24 04:59:04 --> Session: Sessions is enabled, and one exists. Please don't $session->start();
CRITICAL - 2024-06-24 11:59:04 --> ErrorException: Undefined variable $user_event_type_1
in APPPATH\Views\user_info2.php on line 7.
 1 APPPATH\Views\user_info2.php(7): CodeIgniter\Debug\Exceptions->errorHandler(2, 'Undefined variable $user_event_type_1', 'C:\\xampp\\htdocs\\ci\\app\\Views\\user_info2.php', 7)
 2 SYSTEMPATH\View\View.php(228): include('C:\\xampp\\htdocs\\ci\\app\\Views\\user_info2.php')
 3 SYSTEMPATH\View\View.php(231): CodeIgniter\View\View->CodeIgniter\View\{closure}()
 4 SYSTEMPATH\Common.php(1178): CodeIgniter\View\View->render('user_info2', [], true)
 5 APPPATH\Controllers\Demo.php(268): view('user_info2', [...])
 6 SYSTEMPATH\CodeIgniter.php(941): App\Controllers\Demo->login_process()
 7 SYSTEMPATH\CodeIgniter.php(502): CodeIgniter\CodeIgniter->runController(Object(App\Controllers\Demo))
 8 SYSTEMPATH\CodeIgniter.php(361): CodeIgniter\CodeIgniter->handleRequest(null, Object(Config\Cache), false)
 9 FCPATH\index.php(84): CodeIgniter\CodeIgniter->run()
INFO - 2024-06-24 04:59:05 --> Session: Class initialized using 'CodeIgniter\Session\Handlers\FileHandler' driver.
WARNING - 2024-06-24 04:59:05 --> Session: Sessions is enabled, and one exists. Please don't $session->start();
CRITICAL - 2024-06-24 11:59:05 --> ErrorException: Undefined variable $user_event_type_1
in APPPATH\Views\user_info2.php on line 7.
 1 APPPATH\Views\user_info2.php(7): CodeIgniter\Debug\Exceptions->errorHandler(2, 'Undefined variable $user_event_type_1', 'C:\\xampp\\htdocs\\ci\\app\\Views\\user_info2.php', 7)
 2 SYSTEMPATH\View\View.php(228): include('C:\\xampp\\htdocs\\ci\\app\\Views\\user_info2.php')
 3 SYSTEMPATH\View\View.php(231): CodeIgniter\View\View->CodeIgniter\View\{closure}()
 4 SYSTEMPATH\Common.php(1178): CodeIgniter\View\View->render('user_info2', [], true)
 5 APPPATH\Controllers\Demo.php(268): view('user_info2', [...])
 6 SYSTEMPATH\CodeIgniter.php(941): App\Controllers\Demo->login_process()
 7 SYSTEMPATH\CodeIgniter.php(502): CodeIgniter\CodeIgniter->runController(Object(App\Controllers\Demo))
 8 SYSTEMPATH\CodeIgniter.php(361): CodeIgniter\CodeIgniter->handleRequest(null, Object(Config\Cache), false)
 9 FCPATH\index.php(84): CodeIgniter\CodeIgniter->run()
INFO - 2024-06-24 04:59:40 --> Session: Class initialized using 'CodeIgniter\Session\Handlers\FileHandler' driver.
WARNING - 2024-06-24 04:59:40 --> Session: Sessions is enabled, and one exists. Please don't $session->start();
INFO - 2024-06-24 04:59:40 --> Session: Class initialized using 'CodeIgniter\Session\Handlers\FileHandler' driver.
WARNING - 2024-06-24 04:59:40 --> Session: Sessions is enabled, and one exists. Please don't $session->start();
INFO - 2024-06-24 04:59:41 --> Session: Class initialized using 'CodeIgniter\Session\Handlers\FileHandler' driver.
WARNING - 2024-06-24 04:59:41 --> Session: Sessions is enabled, and one exists. Please don't $session->start();
INFO - 2024-06-24 04:59:44 --> Session: Class initialized using 'CodeIgniter\Session\Handlers\FileHandler' driver.
WARNING - 2024-06-24 04:59:44 --> Session: Sessions is enabled, and one exists. Please don't $session->start();
INFO - 2024-06-24 05:01:31 --> Session: Class initialized using 'CodeIgniter\Session\Handlers\FileHandler' driver.
WARNING - 2024-06-24 05:01:31 --> Session: Sessions is enabled, and one exists. Please don't $session->start();
INFO - 2024-06-24 05:38:01 --> Session: Class initialized using 'CodeIgniter\Session\Handlers\FileHandler' driver.
WARNING - 2024-06-24 05:38:01 --> Session: Sessions is enabled, and one exists. Please don't $session->start();
CRITICAL - 2024-06-24 12:38:01 --> ErrorException: Undefined variable $user_event_type_1
in APPPATH\Views\user_info2.php on line 7.
 1 APPPATH\Views\user_info2.php(7): CodeIgniter\Debug\Exceptions->errorHandler(2, 'Undefined variable $user_event_type_1', 'C:\\xampp\\htdocs\\ci\\app\\Views\\user_info2.php', 7)
 2 SYSTEMPATH\View\View.php(228): include('C:\\xampp\\htdocs\\ci\\app\\Views\\user_info2.php')
 3 SYSTEMPATH\View\View.php(231): CodeIgniter\View\View->CodeIgniter\View\{closure}()
 4 SYSTEMPATH\Common.php(1178): CodeIgniter\View\View->render('user_info2', [], true)
 5 APPPATH\Controllers\Demo.php(268): view('user_info2', [...])
 6 SYSTEMPATH\CodeIgniter.php(941): App\Controllers\Demo->login_process()
 7 SYSTEMPATH\CodeIgniter.php(502): CodeIgniter\CodeIgniter->runController(Object(App\Controllers\Demo))
 8 SYSTEMPATH\CodeIgniter.php(361): CodeIgniter\CodeIgniter->handleRequest(null, Object(Config\Cache), false)
 9 FCPATH\index.php(84): CodeIgniter\CodeIgniter->run()
INFO - 2024-06-24 05:39:49 --> Session: Class initialized using 'CodeIgniter\Session\Handlers\FileHandler' driver.
WARNING - 2024-06-24 05:39:49 --> Session: Sessions is enabled, and one exists. Please don't $session->start();
CRITICAL - 2024-06-24 12:39:49 --> ErrorException: Undefined variable $user_event_type_1
in APPPATH\Views\user_info2.php on line 7.
 1 APPPATH\Views\user_info2.php(7): CodeIgniter\Debug\Exceptions->errorHandler(2, 'Undefined variable $user_event_type_1', 'C:\\xampp\\htdocs\\ci\\app\\Views\\user_info2.php', 7)
 2 SYSTEMPATH\View\View.php(228): include('C:\\xampp\\htdocs\\ci\\app\\Views\\user_info2.php')
 3 SYSTEMPATH\View\View.php(231): CodeIgniter\View\View->CodeIgniter\View\{closure}()
 4 SYSTEMPATH\Common.php(1178): CodeIgniter\View\View->render('user_info2', [], true)
 5 APPPATH\Controllers\Demo.php(269): view('user_info2', [...])
 6 SYSTEMPATH\CodeIgniter.php(941): App\Controllers\Demo->login_process()
 7 SYSTEMPATH\CodeIgniter.php(502): CodeIgniter\CodeIgniter->runController(Object(App\Controllers\Demo))
 8 SYSTEMPATH\CodeIgniter.php(361): CodeIgniter\CodeIgniter->handleRequest(null, Object(Config\Cache), false)
 9 FCPATH\index.php(84): CodeIgniter\CodeIgniter->run()
INFO - 2024-06-24 05:40:43 --> Session: Class initialized using 'CodeIgniter\Session\Handlers\FileHandler' driver.
WARNING - 2024-06-24 05:40:43 --> Session: Sessions is enabled, and one exists. Please don't $session->start();
CRITICAL - 2024-06-24 12:40:43 --> ErrorException: Undefined property: CodeIgniter\View\View::$request
in APPPATH\Views\user_info2.php on line 9.
 1 APPPATH\Views\user_info2.php(9): CodeIgniter\Debug\Exceptions->errorHandler(2, 'Undefined property: CodeIgniter\\View\\View::$request', 'C:\\xampp\\htdocs\\ci\\app\\Views\\user_info2.php', 9)
 2 SYSTEMPATH\View\View.php(228): include('C:\\xampp\\htdocs\\ci\\app\\Views\\user_info2.php')
 3 SYSTEMPATH\View\View.php(231): CodeIgniter\View\View->CodeIgniter\View\{closure}()
 4 SYSTEMPATH\Common.php(1178): CodeIgniter\View\View->render('user_info2', [], true)
 5 APPPATH\Controllers\Demo.php(287): view('user_info2', [...])
 6 SYSTEMPATH\CodeIgniter.php(941): App\Controllers\Demo->login_process()
 7 SYSTEMPATH\CodeIgniter.php(502): CodeIgniter\CodeIgniter->runController(Object(App\Controllers\Demo))
 8 SYSTEMPATH\CodeIgniter.php(361): CodeIgniter\CodeIgniter->handleRequest(null, Object(Config\Cache), false)
 9 FCPATH\index.php(84): CodeIgniter\CodeIgniter->run()
INFO - 2024-06-24 05:41:14 --> Session: Class initialized using 'CodeIgniter\Session\Handlers\FileHandler' driver.
WARNING - 2024-06-24 05:41:14 --> Session: Sessions is enabled, and one exists. Please don't $session->start();
INFO - 2024-06-24 05:44:43 --> Session: Class initialized using 'CodeIgniter\Session\Handlers\FileHandler' driver.
WARNING - 2024-06-24 05:44:43 --> Session: Sessions is enabled, and one exists. Please don't $session->start();
INFO - 2024-06-24 05:44:51 --> Session: Class initialized using 'CodeIgniter\Session\Handlers\FileHandler' driver.
WARNING - 2024-06-24 05:44:51 --> Session: Sessions is enabled, and one exists. Please don't $session->start();
INFO - 2024-06-24 05:45:18 --> Session: Class initialized using 'CodeIgniter\Session\Handlers\FileHandler' driver.
WARNING - 2024-06-24 05:45:18 --> Session: Sessions is enabled, and one exists. Please don't $session->start();
INFO - 2024-06-24 05:45:41 --> Session: Class initialized using 'CodeIgniter\Session\Handlers\FileHandler' driver.
WARNING - 2024-06-24 05:45:41 --> Session: Sessions is enabled, and one exists. Please don't $session->start();
INFO - 2024-06-24 05:45:55 --> Session: Class initialized using 'CodeIgniter\Session\Handlers\FileHandler' driver.
WARNING - 2024-06-24 05:45:55 --> Session: Sessions is enabled, and one exists. Please don't $session->start();
INFO - 2024-06-24 05:46:37 --> Session: Class initialized using 'CodeIgniter\Session\Handlers\FileHandler' driver.
WARNING - 2024-06-24 05:46:37 --> Session: Sessions is enabled, and one exists. Please don't $session->start();
INFO - 2024-06-24 05:46:45 --> Session: Class initialized using 'CodeIgniter\Session\Handlers\FileHandler' driver.
WARNING - 2024-06-24 05:46:45 --> Session: Sessions is enabled, and one exists. Please don't $session->start();
INFO - 2024-06-24 05:47:43 --> Session: Class initialized using 'CodeIgniter\Session\Handlers\FileHandler' driver.
WARNING - 2024-06-24 05:47:43 --> Session: Sessions is enabled, and one exists. Please don't $session->start();
INFO - 2024-06-24 05:49:16 --> Session: Class initialized using 'CodeIgniter\Session\Handlers\FileHandler' driver.
WARNING - 2024-06-24 05:49:16 --> Session: Sessions is enabled, and one exists. Please don't $session->start();
INFO - 2024-06-24 05:49:18 --> Session: Class initialized using 'CodeIgniter\Session\Handlers\FileHandler' driver.
WARNING - 2024-06-24 05:49:18 --> Session: Sessions is enabled, and one exists. Please don't $session->start();
INFO - 2024-06-24 05:49:20 --> Session: Class initialized using 'CodeIgniter\Session\Handlers\FileHandler' driver.
WARNING - 2024-06-24 05:49:20 --> Session: Sessions is enabled, and one exists. Please don't $session->start();
INFO - 2024-06-24 05:49:32 --> Session: Class initialized using 'CodeIgniter\Session\Handlers\FileHandler' driver.
WARNING - 2024-06-24 05:49:32 --> Session: Sessions is enabled, and one exists. Please don't $session->start();
INFO - 2024-06-24 05:49:35 --> Session: Class initialized using 'CodeIgniter\Session\Handlers\FileHandler' driver.
WARNING - 2024-06-24 05:49:35 --> Session: Sessions is enabled, and one exists. Please don't $session->start();
INFO - 2024-06-24 05:50:20 --> Session: Class initialized using 'CodeIgniter\Session\Handlers\FileHandler' driver.
WARNING - 2024-06-24 05:50:20 --> Session: Sessions is enabled, and one exists. Please don't $session->start();
INFO - 2024-06-24 05:50:37 --> Session: Class initialized using 'CodeIgniter\Session\Handlers\FileHandler' driver.
WARNING - 2024-06-24 05:50:37 --> Session: Sessions is enabled, and one exists. Please don't $session->start();
INFO - 2024-06-24 05:51:34 --> Session: Class initialized using 'CodeIgniter\Session\Handlers\FileHandler' driver.
WARNING - 2024-06-24 05:51:34 --> Session: Sessions is enabled, and one exists. Please don't $session->start();
INFO - 2024-06-24 05:51:47 --> Session: Class initialized using 'CodeIgniter\Session\Handlers\FileHandler' driver.
WARNING - 2024-06-24 05:51:47 --> Session: Sessions is enabled, and one exists. Please don't $session->start();
INFO - 2024-06-24 05:51:56 --> Session: Class initialized using 'CodeIgniter\Session\Handlers\FileHandler' driver.
WARNING - 2024-06-24 05:51:56 --> Session: Sessions is enabled, and one exists. Please don't $session->start();
INFO - 2024-06-24 05:52:34 --> Session: Class initialized using 'CodeIgniter\Session\Handlers\FileHandler' driver.
WARNING - 2024-06-24 05:52:34 --> Session: Sessions is enabled, and one exists. Please don't $session->start();
INFO - 2024-06-24 05:52:46 --> Session: Class initialized using 'CodeIgniter\Session\Handlers\FileHandler' driver.
WARNING - 2024-06-24 05:52:46 --> Session: Sessions is enabled, and one exists. Please don't $session->start();
INFO - 2024-06-24 05:58:33 --> Session: Class initialized using 'CodeIgniter\Session\Handlers\FileHandler' driver.
WARNING - 2024-06-24 05:58:33 --> Session: Sessions is enabled, and one exists. Please don't $session->start();
INFO - 2024-06-24 05:58:40 --> Session: Class initialized using 'CodeIgniter\Session\Handlers\FileHandler' driver.
WARNING - 2024-06-24 05:58:40 --> Session: Sessions is enabled, and one exists. Please don't $session->start();
INFO - 2024-06-24 05:58:51 --> Session: Class initialized using 'CodeIgniter\Session\Handlers\FileHandler' driver.
WARNING - 2024-06-24 05:58:51 --> Session: Sessions is enabled, and one exists. Please don't $session->start();
INFO - 2024-06-24 06:01:27 --> Session: Class initialized using 'CodeIgniter\Session\Handlers\FileHandler' driver.
WARNING - 2024-06-24 06:01:27 --> Session: Sessions is enabled, and one exists. Please don't $session->start();
INFO - 2024-06-24 06:01:40 --> Session: Class initialized using 'CodeIgniter\Session\Handlers\FileHandler' driver.
WARNING - 2024-06-24 06:01:40 --> Session: Sessions is enabled, and one exists. Please don't $session->start();
INFO - 2024-06-24 06:03:31 --> Session: Class initialized using 'CodeIgniter\Session\Handlers\FileHandler' driver.
WARNING - 2024-06-24 06:03:31 --> Session: Sessions is enabled, and one exists. Please don't $session->start();
INFO - 2024-06-24 06:07:50 --> Session: Class initialized using 'CodeIgniter\Session\Handlers\FileHandler' driver.
WARNING - 2024-06-24 06:07:50 --> Session: Sessions is enabled, and one exists. Please don't $session->start();
CRITICAL - 2024-06-24 13:07:50 --> ArgumentCountError: Too few arguments to function event_id(), 1 passed and exactly 2 expected
in APPPATH\Views\user_info2.php on line 12.
 1 [internal function]: event_id(Object(stdClass))
 2 APPPATH\Views\user_info2.php(17): array_filter([...], 'event_id')
 3 SYSTEMPATH\View\View.php(228): include('C:\\xampp\\htdocs\\ci\\app\\Views\\user_info2.php')
 4 SYSTEMPATH\View\View.php(231): CodeIgniter\View\View->CodeIgniter\View\{closure}()
 5 SYSTEMPATH\Common.php(1178): CodeIgniter\View\View->render('user_info2', [], true)
 6 APPPATH\Controllers\Demo.php(290): view('user_info2', [...])
 7 SYSTEMPATH\CodeIgniter.php(941): App\Controllers\Demo->login_process()
 8 SYSTEMPATH\CodeIgniter.php(502): CodeIgniter\CodeIgniter->runController(Object(App\Controllers\Demo))
 9 SYSTEMPATH\CodeIgniter.php(361): CodeIgniter\CodeIgniter->handleRequest(null, Object(Config\Cache), false)
10 FCPATH\index.php(84): CodeIgniter\CodeIgniter->run()
INFO - 2024-06-24 06:08:07 --> Session: Class initialized using 'CodeIgniter\Session\Handlers\FileHandler' driver.
WARNING - 2024-06-24 06:08:07 --> Session: Sessions is enabled, and one exists. Please don't $session->start();
CRITICAL - 2024-06-24 13:08:07 --> ErrorException: Constant expression contains invalid operations
in APPPATH\Views\user_info2.php on line 12.
 1 [internal function]: CodeIgniter\Debug\Exceptions->shutdownHandler()
INFO - 2024-06-24 06:08:32 --> Session: Class initialized using 'CodeIgniter\Session\Handlers\FileHandler' driver.
WARNING - 2024-06-24 06:08:32 --> Session: Sessions is enabled, and one exists. Please don't $session->start();
INFO - 2024-06-24 06:08:39 --> Session: Class initialized using 'CodeIgniter\Session\Handlers\FileHandler' driver.
WARNING - 2024-06-24 06:08:39 --> Session: Sessions is enabled, and one exists. Please don't $session->start();
INFO - 2024-06-24 06:12:16 --> Session: Class initialized using 'CodeIgniter\Session\Handlers\FileHandler' driver.
WARNING - 2024-06-24 06:12:16 --> Session: Sessions is enabled, and one exists. Please don't $session->start();
INFO - 2024-06-24 06:12:18 --> Session: Class initialized using 'CodeIgniter\Session\Handlers\FileHandler' driver.
WARNING - 2024-06-24 06:12:18 --> Session: Sessions is enabled, and one exists. Please don't $session->start();
INFO - 2024-06-24 06:14:00 --> Session: Class initialized using 'CodeIgniter\Session\Handlers\FileHandler' driver.
WARNING - 2024-06-24 06:14:00 --> Session: Sessions is enabled, and one exists. Please don't $session->start();
INFO - 2024-06-24 06:14:02 --> Session: Class initialized using 'CodeIgniter\Session\Handlers\FileHandler' driver.
WARNING - 2024-06-24 06:14:02 --> Session: Sessions is enabled, and one exists. Please don't $session->start();
INFO - 2024-06-24 06:15:49 --> Session: Class initialized using 'CodeIgniter\Session\Handlers\FileHandler' driver.
WARNING - 2024-06-24 06:15:49 --> Session: Sessions is enabled, and one exists. Please don't $session->start();
INFO - 2024-06-24 06:17:43 --> Session: Class initialized using 'CodeIgniter\Session\Handlers\FileHandler' driver.
WARNING - 2024-06-24 06:17:43 --> Session: Sessions is enabled, and one exists. Please don't $session->start();
INFO - 2024-06-24 06:17:49 --> Session: Class initialized using 'CodeIgniter\Session\Handlers\FileHandler' driver.
WARNING - 2024-06-24 06:17:49 --> Session: Sessions is enabled, and one exists. Please don't $session->start();
INFO - 2024-06-24 06:18:50 --> Session: Class initialized using 'CodeIgniter\Session\Handlers\FileHandler' driver.
WARNING - 2024-06-24 06:18:50 --> Session: Sessions is enabled, and one exists. Please don't $session->start();
INFO - 2024-06-24 06:18:55 --> Session: Class initialized using 'CodeIgniter\Session\Handlers\FileHandler' driver.
WARNING - 2024-06-24 06:18:55 --> Session: Sessions is enabled, and one exists. Please don't $session->start();
INFO - 2024-06-24 06:19:00 --> Session: Class initialized using 'CodeIgniter\Session\Handlers\FileHandler' driver.
WARNING - 2024-06-24 06:19:00 --> Session: Sessions is enabled, and one exists. Please don't $session->start();
INFO - 2024-06-24 06:19:33 --> Session: Class initialized using 'CodeIgniter\Session\Handlers\FileHandler' driver.
WARNING - 2024-06-24 06:19:33 --> Session: Sessions is enabled, and one exists. Please don't $session->start();
INFO - 2024-06-24 06:19:35 --> Session: Class initialized using 'CodeIgniter\Session\Handlers\FileHandler' driver.
WARNING - 2024-06-24 06:19:35 --> Session: Sessions is enabled, and one exists. Please don't $session->start();
INFO - 2024-06-24 06:30:12 --> Session: Class initialized using 'CodeIgniter\Session\Handlers\FileHandler' driver.
WARNING - 2024-06-24 06:30:12 --> Session: Sessions is enabled, and one exists. Please don't $session->start();
CRITICAL - 2024-06-24 13:30:12 --> ErrorException: Undefined property: stdClass::$status_approve
in APPPATH\Controllers\Service.php on line 46.
 1 APPPATH\Controllers\Service.php(46): CodeIgniter\Debug\Exceptions->errorHandler(2, 'Undefined property: stdClass::$status_approve', 'C:\\xampp\\htdocs\\ci\\app\\Controllers\\Service.php', 46)
 2 SYSTEMPATH\CodeIgniter.php(941): App\Controllers\Service->insert()
 3 SYSTEMPATH\CodeIgniter.php(502): CodeIgniter\CodeIgniter->runController(Object(App\Controllers\Service))
 4 SYSTEMPATH\CodeIgniter.php(361): CodeIgniter\CodeIgniter->handleRequest(null, Object(Config\Cache), false)
 5 FCPATH\index.php(84): CodeIgniter\CodeIgniter->run()
INFO - 2024-06-24 06:30:25 --> Session: Class initialized using 'CodeIgniter\Session\Handlers\FileHandler' driver.
WARNING - 2024-06-24 06:30:25 --> Session: Sessions is enabled, and one exists. Please don't $session->start();
INFO - 2024-06-24 06:31:36 --> Session: Class initialized using 'CodeIgniter\Session\Handlers\FileHandler' driver.
WARNING - 2024-06-24 06:31:36 --> Session: Sessions is enabled, and one exists. Please don't $session->start();
INFO - 2024-06-24 06:42:31 --> Session: Class initialized using 'CodeIgniter\Session\Handlers\FileHandler' driver.
WARNING - 2024-06-24 06:42:31 --> Session: Sessions is enabled, and one exists. Please don't $session->start();
INFO - 2024-06-24 06:45:52 --> Session: Class initialized using 'CodeIgniter\Session\Handlers\FileHandler' driver.
WARNING - 2024-06-24 06:45:52 --> Session: Sessions is enabled, and one exists. Please don't $session->start();
INFO - 2024-06-24 06:45:54 --> Session: Class initialized using 'CodeIgniter\Session\Handlers\FileHandler' driver.
WARNING - 2024-06-24 06:45:54 --> Session: Sessions is enabled, and one exists. Please don't $session->start();
INFO - 2024-06-24 06:45:55 --> Session: Class initialized using 'CodeIgniter\Session\Handlers\FileHandler' driver.
WARNING - 2024-06-24 06:45:55 --> Session: Sessions is enabled, and one exists. Please don't $session->start();
INFO - 2024-06-24 06:46:19 --> Session: Class initialized using 'CodeIgniter\Session\Handlers\FileHandler' driver.
WARNING - 2024-06-24 06:46:19 --> Session: Sessions is enabled, and one exists. Please don't $session->start();
INFO - 2024-06-24 06:51:12 --> Session: Class initialized using 'CodeIgniter\Session\Handlers\FileHandler' driver.
WARNING - 2024-06-24 06:51:12 --> Session: Sessions is enabled, and one exists. Please don't $session->start();
INFO - 2024-06-24 06:51:19 --> Session: Class initialized using 'CodeIgniter\Session\Handlers\FileHandler' driver.
WARNING - 2024-06-24 06:51:19 --> Session: Sessions is enabled, and one exists. Please don't $session->start();
INFO - 2024-06-24 06:52:16 --> Session: Class initialized using 'CodeIgniter\Session\Handlers\FileHandler' driver.
WARNING - 2024-06-24 06:52:16 --> Session: Sessions is enabled, and one exists. Please don't $session->start();
INFO - 2024-06-24 06:57:39 --> Session: Class initialized using 'CodeIgniter\Session\Handlers\FileHandler' driver.
WARNING - 2024-06-24 06:57:39 --> Session: Sessions is enabled, and one exists. Please don't $session->start();
INFO - 2024-06-24 06:57:43 --> Session: Class initialized using 'CodeIgniter\Session\Handlers\FileHandler' driver.
WARNING - 2024-06-24 06:57:43 --> Session: Sessions is enabled, and one exists. Please don't $session->start();
INFO - 2024-06-24 06:59:44 --> Session: Class initialized using 'CodeIgniter\Session\Handlers\FileHandler' driver.
WARNING - 2024-06-24 06:59:44 --> Session: Sessions is enabled, and one exists. Please don't $session->start();
INFO - 2024-06-24 06:59:46 --> Session: Class initialized using 'CodeIgniter\Session\Handlers\FileHandler' driver.
WARNING - 2024-06-24 06:59:46 --> Session: Sessions is enabled, and one exists. Please don't $session->start();
INFO - 2024-06-24 07:02:27 --> Session: Class initialized using 'CodeIgniter\Session\Handlers\FileHandler' driver.
WARNING - 2024-06-24 07:02:27 --> Session: Sessions is enabled, and one exists. Please don't $session->start();
INFO - 2024-06-24 07:02:29 --> Session: Class initialized using 'CodeIgniter\Session\Handlers\FileHandler' driver.
WARNING - 2024-06-24 07:02:29 --> Session: Sessions is enabled, and one exists. Please don't $session->start();
INFO - 2024-06-24 07:11:04 --> Session: Class initialized using 'CodeIgniter\Session\Handlers\FileHandler' driver.
WARNING - 2024-06-24 07:11:04 --> Session: Sessions is enabled, and one exists. Please don't $session->start();
INFO - 2024-06-24 07:11:06 --> Session: Class initialized using 'CodeIgniter\Session\Handlers\FileHandler' driver.
WARNING - 2024-06-24 07:11:06 --> Session: Sessions is enabled, and one exists. Please don't $session->start();
INFO - 2024-06-24 07:11:56 --> Session: Class initialized using 'CodeIgniter\Session\Handlers\FileHandler' driver.
WARNING - 2024-06-24 07:11:56 --> Session: Sessions is enabled, and one exists. Please don't $session->start();
INFO - 2024-06-24 07:11:58 --> Session: Class initialized using 'CodeIgniter\Session\Handlers\FileHandler' driver.
WARNING - 2024-06-24 07:11:58 --> Session: Sessions is enabled, and one exists. Please don't $session->start();
INFO - 2024-06-24 07:29:05 --> Session: Class initialized using 'CodeIgniter\Session\Handlers\FileHandler' driver.
WARNING - 2024-06-24 07:29:05 --> Session: Sessions is enabled, and one exists. Please don't $session->start();
INFO - 2024-06-24 07:38:13 --> Session: Class initialized using 'CodeIgniter\Session\Handlers\FileHandler' driver.
WARNING - 2024-06-24 07:38:13 --> Session: Sessions is enabled, and one exists. Please don't $session->start();
INFO - 2024-06-24 07:43:14 --> Session: Class initialized using 'CodeIgniter\Session\Handlers\FileHandler' driver.
WARNING - 2024-06-24 07:43:14 --> Session: Sessions is enabled, and one exists. Please don't $session->start();
INFO - 2024-06-24 07:44:06 --> Session: Class initialized using 'CodeIgniter\Session\Handlers\FileHandler' driver.
WARNING - 2024-06-24 07:44:06 --> Session: Sessions is enabled, and one exists. Please don't $session->start();
INFO - 2024-06-24 07:44:33 --> Session: Class initialized using 'CodeIgniter\Session\Handlers\FileHandler' driver.
WARNING - 2024-06-24 07:44:33 --> Session: Sessions is enabled, and one exists. Please don't $session->start();
INFO - 2024-06-24 07:44:56 --> Session: Class initialized using 'CodeIgniter\Session\Handlers\FileHandler' driver.
WARNING - 2024-06-24 07:44:56 --> Session: Sessions is enabled, and one exists. Please don't $session->start();
INFO - 2024-06-24 07:45:15 --> Session: Class initialized using 'CodeIgniter\Session\Handlers\FileHandler' driver.
WARNING - 2024-06-24 07:45:15 --> Session: Sessions is enabled, and one exists. Please don't $session->start();
INFO - 2024-06-24 07:46:56 --> Session: Class initialized using 'CodeIgniter\Session\Handlers\FileHandler' driver.
WARNING - 2024-06-24 07:46:56 --> Session: Sessions is enabled, and one exists. Please don't $session->start();
INFO - 2024-06-24 07:47:01 --> Session: Class initialized using 'CodeIgniter\Session\Handlers\FileHandler' driver.
WARNING - 2024-06-24 07:47:01 --> Session: Sessions is enabled, and one exists. Please don't $session->start();
INFO - 2024-06-24 07:47:01 --> Session: Class initialized using 'CodeIgniter\Session\Handlers\FileHandler' driver.
WARNING - 2024-06-24 07:47:01 --> Session: Sessions is enabled, and one exists. Please don't $session->start();
INFO - 2024-06-24 07:47:06 --> Session: Class initialized using 'CodeIgniter\Session\Handlers\FileHandler' driver.
WARNING - 2024-06-24 07:47:06 --> Session: Sessions is enabled, and one exists. Please don't $session->start();
INFO - 2024-06-24 07:47:06 --> Session: Class initialized using 'CodeIgniter\Session\Handlers\FileHandler' driver.
WARNING - 2024-06-24 07:47:06 --> Session: Sessions is enabled, and one exists. Please don't $session->start();
INFO - 2024-06-24 07:47:19 --> Session: Class initialized using 'CodeIgniter\Session\Handlers\FileHandler' driver.
WARNING - 2024-06-24 07:47:19 --> Session: Sessions is enabled, and one exists. Please don't $session->start();
CRITICAL - 2024-06-24 14:47:19 --> ErrorException: Undefined array key 0
in APPPATH\Controllers\Demo.php on line 178.
 1 APPPATH\Controllers\Demo.php(178): CodeIgniter\Debug\Exceptions->errorHandler(2, 'Undefined array key 0', 'C:\\xampp\\htdocs\\ci\\app\\Controllers\\Demo.php', 178)
 2 SYSTEMPATH\CodeIgniter.php(941): App\Controllers\Demo->login_process()
 3 SYSTEMPATH\CodeIgniter.php(502): CodeIgniter\CodeIgniter->runController(Object(App\Controllers\Demo))
 4 SYSTEMPATH\CodeIgniter.php(361): CodeIgniter\CodeIgniter->handleRequest(null, Object(Config\Cache), false)
 5 FCPATH\index.php(84): CodeIgniter\CodeIgniter->run()
INFO - 2024-06-24 07:48:36 --> Session: Class initialized using 'CodeIgniter\Session\Handlers\FileHandler' driver.
WARNING - 2024-06-24 07:48:36 --> Session: Sessions is enabled, and one exists. Please don't $session->start();
INFO - 2024-06-24 07:48:41 --> Session: Class initialized using 'CodeIgniter\Session\Handlers\FileHandler' driver.
WARNING - 2024-06-24 07:48:41 --> Session: Sessions is enabled, and one exists. Please don't $session->start();
CRITICAL - 2024-06-24 14:48:41 --> ErrorException: Undefined variable $event_id
in APPPATH\Views\user_info2.php on line 9.
 1 APPPATH\Views\user_info2.php(9): CodeIgniter\Debug\Exceptions->errorHandler(2, 'Undefined variable $event_id', 'C:\\xampp\\htdocs\\ci\\app\\Views\\user_info2.php', 9)
 2 SYSTEMPATH\View\View.php(228): include('C:\\xampp\\htdocs\\ci\\app\\Views\\user_info2.php')
 3 SYSTEMPATH\View\View.php(231): CodeIgniter\View\View->CodeIgniter\View\{closure}()
 4 SYSTEMPATH\Common.php(1178): CodeIgniter\View\View->render('user_info2', [], true)
 5 APPPATH\Controllers\Demo.php(227): view('user_info2', [...])
 6 SYSTEMPATH\CodeIgniter.php(941): App\Controllers\Demo->login_process()
 7 SYSTEMPATH\CodeIgniter.php(502): CodeIgniter\CodeIgniter->runController(Object(App\Controllers\Demo))
 8 SYSTEMPATH\CodeIgniter.php(361): CodeIgniter\CodeIgniter->handleRequest(null, Object(Config\Cache), false)
 9 FCPATH\index.php(84): CodeIgniter\CodeIgniter->run()
INFO - 2024-06-24 07:48:58 --> Session: Class initialized using 'CodeIgniter\Session\Handlers\FileHandler' driver.
WARNING - 2024-06-24 07:48:58 --> Session: Sessions is enabled, and one exists. Please don't $session->start();
CRITICAL - 2024-06-24 14:48:58 --> ErrorException: Undefined property: stdClass::$status_approve
in APPPATH\Views\user_info2.php on line 31.
 1 APPPATH\Views\user_info2.php(31): CodeIgniter\Debug\Exceptions->errorHandler(2, 'Undefined property: stdClass::$status_approve', 'C:\\xampp\\htdocs\\ci\\app\\Views\\user_info2.php', 31)
 2 SYSTEMPATH\View\View.php(228): include('C:\\xampp\\htdocs\\ci\\app\\Views\\user_info2.php')
 3 SYSTEMPATH\View\View.php(231): CodeIgniter\View\View->CodeIgniter\View\{closure}()
 4 SYSTEMPATH\Common.php(1178): CodeIgniter\View\View->render('user_info2', [], true)
 5 APPPATH\Controllers\Demo.php(227): view('user_info2', [...])
 6 SYSTEMPATH\CodeIgniter.php(941): App\Controllers\Demo->login_process()
 7 SYSTEMPATH\CodeIgniter.php(502): CodeIgniter\CodeIgniter->runController(Object(App\Controllers\Demo))
 8 SYSTEMPATH\CodeIgniter.php(361): CodeIgniter\CodeIgniter->handleRequest(null, Object(Config\Cache), false)
 9 FCPATH\index.php(84): CodeIgniter\CodeIgniter->run()
INFO - 2024-06-24 07:49:15 --> Session: Class initialized using 'CodeIgniter\Session\Handlers\FileHandler' driver.
WARNING - 2024-06-24 07:49:15 --> Session: Sessions is enabled, and one exists. Please don't $session->start();
INFO - 2024-06-24 07:50:44 --> Session: Class initialized using 'CodeIgniter\Session\Handlers\FileHandler' driver.
WARNING - 2024-06-24 07:50:44 --> Session: Sessions is enabled, and one exists. Please don't $session->start();
INFO - 2024-06-24 07:51:14 --> Session: Class initialized using 'CodeIgniter\Session\Handlers\FileHandler' driver.
WARNING - 2024-06-24 07:51:14 --> Session: Sessions is enabled, and one exists. Please don't $session->start();
INFO - 2024-06-24 07:54:01 --> Session: Class initialized using 'CodeIgniter\Session\Handlers\FileHandler' driver.
WARNING - 2024-06-24 07:54:01 --> Session: Sessions is enabled, and one exists. Please don't $session->start();
INFO - 2024-06-24 07:59:53 --> Session: Class initialized using 'CodeIgniter\Session\Handlers\FileHandler' driver.
WARNING - 2024-06-24 07:59:53 --> Session: Sessions is enabled, and one exists. Please don't $session->start();
CRITICAL - 2024-06-24 14:59:53 --> ErrorException: Array to string conversion
in APPPATH\Views\user_info2.php on line 388.
 1 APPPATH\Views\user_info2.php(388): CodeIgniter\Debug\Exceptions->errorHandler(2, 'Array to string conversion', 'C:\\xampp\\htdocs\\ci\\app\\Views\\user_info2.php', 388)
 2 SYSTEMPATH\View\View.php(228): include('C:\\xampp\\htdocs\\ci\\app\\Views\\user_info2.php')
 3 SYSTEMPATH\View\View.php(231): CodeIgniter\View\View->CodeIgniter\View\{closure}()
 4 SYSTEMPATH\Common.php(1178): CodeIgniter\View\View->render('user_info2', [], true)
 5 APPPATH\Controllers\Demo.php(227): view('user_info2', [...])
 6 SYSTEMPATH\CodeIgniter.php(941): App\Controllers\Demo->login_process()
 7 SYSTEMPATH\CodeIgniter.php(502): CodeIgniter\CodeIgniter->runController(Object(App\Controllers\Demo))
 8 SYSTEMPATH\CodeIgniter.php(361): CodeIgniter\CodeIgniter->handleRequest(null, Object(Config\Cache), false)
 9 FCPATH\index.php(84): CodeIgniter\CodeIgniter->run()
INFO - 2024-06-24 08:00:26 --> Session: Class initialized using 'CodeIgniter\Session\Handlers\FileHandler' driver.
WARNING - 2024-06-24 08:00:26 --> Session: Sessions is enabled, and one exists. Please don't $session->start();
CRITICAL - 2024-06-24 15:00:26 --> ErrorException: Array to string conversion
in APPPATH\Views\user_info2.php on line 390.
 1 APPPATH\Views\user_info2.php(390): CodeIgniter\Debug\Exceptions->errorHandler(2, 'Array to string conversion', 'C:\\xampp\\htdocs\\ci\\app\\Views\\user_info2.php', 390)
 2 SYSTEMPATH\View\View.php(228): include('C:\\xampp\\htdocs\\ci\\app\\Views\\user_info2.php')
 3 SYSTEMPATH\View\View.php(231): CodeIgniter\View\View->CodeIgniter\View\{closure}()
 4 SYSTEMPATH\Common.php(1178): CodeIgniter\View\View->render('user_info2', [], true)
 5 APPPATH\Controllers\Demo.php(227): view('user_info2', [...])
 6 SYSTEMPATH\CodeIgniter.php(941): App\Controllers\Demo->login_process()
 7 SYSTEMPATH\CodeIgniter.php(502): CodeIgniter\CodeIgniter->runController(Object(App\Controllers\Demo))
 8 SYSTEMPATH\CodeIgniter.php(361): CodeIgniter\CodeIgniter->handleRequest(null, Object(Config\Cache), false)
 9 FCPATH\index.php(84): CodeIgniter\CodeIgniter->run()
INFO - 2024-06-24 08:02:07 --> Session: Class initialized using 'CodeIgniter\Session\Handlers\FileHandler' driver.
WARNING - 2024-06-24 08:02:07 --> Session: Sessions is enabled, and one exists. Please don't $session->start();
CRITICAL - 2024-06-24 15:02:07 --> ErrorException: Array to string conversion
in APPPATH\Views\user_info2.php on line 390.
 1 APPPATH\Views\user_info2.php(390): CodeIgniter\Debug\Exceptions->errorHandler(2, 'Array to string conversion', 'C:\\xampp\\htdocs\\ci\\app\\Views\\user_info2.php', 390)
 2 SYSTEMPATH\View\View.php(228): include('C:\\xampp\\htdocs\\ci\\app\\Views\\user_info2.php')
 3 SYSTEMPATH\View\View.php(231): CodeIgniter\View\View->CodeIgniter\View\{closure}()
 4 SYSTEMPATH\Common.php(1178): CodeIgniter\View\View->render('user_info2', [], true)
 5 APPPATH\Controllers\Demo.php(227): view('user_info2', [...])
 6 SYSTEMPATH\CodeIgniter.php(941): App\Controllers\Demo->login_process()
 7 SYSTEMPATH\CodeIgniter.php(502): CodeIgniter\CodeIgniter->runController(Object(App\Controllers\Demo))
 8 SYSTEMPATH\CodeIgniter.php(361): CodeIgniter\CodeIgniter->handleRequest(null, Object(Config\Cache), false)
 9 FCPATH\index.php(84): CodeIgniter\CodeIgniter->run()
INFO - 2024-06-24 08:02:37 --> Session: Class initialized using 'CodeIgniter\Session\Handlers\FileHandler' driver.
WARNING - 2024-06-24 08:02:37 --> Session: Sessions is enabled, and one exists. Please don't $session->start();
CRITICAL - 2024-06-24 15:02:37 --> ErrorException: Array to string conversion
in APPPATH\Views\user_info2.php on line 390.
 1 APPPATH\Views\user_info2.php(390): CodeIgniter\Debug\Exceptions->errorHandler(2, 'Array to string conversion', 'C:\\xampp\\htdocs\\ci\\app\\Views\\user_info2.php', 390)
 2 SYSTEMPATH\View\View.php(228): include('C:\\xampp\\htdocs\\ci\\app\\Views\\user_info2.php')
 3 SYSTEMPATH\View\View.php(231): CodeIgniter\View\View->CodeIgniter\View\{closure}()
 4 SYSTEMPATH\Common.php(1178): CodeIgniter\View\View->render('user_info2', [], true)
 5 APPPATH\Controllers\Demo.php(227): view('user_info2', [...])
 6 SYSTEMPATH\CodeIgniter.php(941): App\Controllers\Demo->login_process()
 7 SYSTEMPATH\CodeIgniter.php(502): CodeIgniter\CodeIgniter->runController(Object(App\Controllers\Demo))
 8 SYSTEMPATH\CodeIgniter.php(361): CodeIgniter\CodeIgniter->handleRequest(null, Object(Config\Cache), false)
 9 FCPATH\index.php(84): CodeIgniter\CodeIgniter->run()
INFO - 2024-06-24 08:03:52 --> Session: Class initialized using 'CodeIgniter\Session\Handlers\FileHandler' driver.
WARNING - 2024-06-24 08:03:52 --> Session: Sessions is enabled, and one exists. Please don't $session->start();
CRITICAL - 2024-06-24 15:03:52 --> ParseError: syntax error, unexpected token "echo"
in APPPATH\Views\user_info2.php on line 391.
 1 SYSTEMPATH\View\View.php(231): CodeIgniter\View\View->CodeIgniter\View\{closure}()
 2 SYSTEMPATH\Common.php(1178): CodeIgniter\View\View->render('user_info2', [], true)
 3 APPPATH\Controllers\Demo.php(227): view('user_info2', [...])
 4 SYSTEMPATH\CodeIgniter.php(941): App\Controllers\Demo->login_process()
 5 SYSTEMPATH\CodeIgniter.php(502): CodeIgniter\CodeIgniter->runController(Object(App\Controllers\Demo))
 6 SYSTEMPATH\CodeIgniter.php(361): CodeIgniter\CodeIgniter->handleRequest(null, Object(Config\Cache), false)
 7 FCPATH\index.php(84): CodeIgniter\CodeIgniter->run()
INFO - 2024-06-24 08:04:04 --> Session: Class initialized using 'CodeIgniter\Session\Handlers\FileHandler' driver.
WARNING - 2024-06-24 08:04:04 --> Session: Sessions is enabled, and one exists. Please don't $session->start();
CRITICAL - 2024-06-24 15:04:04 --> ErrorException: Array to string conversion
in APPPATH\Views\user_info2.php on line 390.
 1 [internal function]: CodeIgniter\Debug\Exceptions->errorHandler(2, 'Array to string conversion', 'C:\\xampp\\htdocs\\ci\\app\\Views\\user_info2.php', 390)
 2 APPPATH\Views\user_info2.php(390): implode(',', [...])
 3 SYSTEMPATH\View\View.php(228): include('C:\\xampp\\htdocs\\ci\\app\\Views\\user_info2.php')
 4 SYSTEMPATH\View\View.php(231): CodeIgniter\View\View->CodeIgniter\View\{closure}()
 5 SYSTEMPATH\Common.php(1178): CodeIgniter\View\View->render('user_info2', [], true)
 6 APPPATH\Controllers\Demo.php(227): view('user_info2', [...])
 7 SYSTEMPATH\CodeIgniter.php(941): App\Controllers\Demo->login_process()
 8 SYSTEMPATH\CodeIgniter.php(502): CodeIgniter\CodeIgniter->runController(Object(App\Controllers\Demo))
 9 SYSTEMPATH\CodeIgniter.php(361): CodeIgniter\CodeIgniter->handleRequest(null, Object(Config\Cache), false)
10 FCPATH\index.php(84): CodeIgniter\CodeIgniter->run()
INFO - 2024-06-24 08:09:10 --> Session: Class initialized using 'CodeIgniter\Session\Handlers\FileHandler' driver.
WARNING - 2024-06-24 08:09:10 --> Session: Sessions is enabled, and one exists. Please don't $session->start();
CRITICAL - 2024-06-24 15:09:10 --> ParseError: syntax error, unexpected token "}"
in APPPATH\Views\user_info2.php on line 387.
 1 SYSTEMPATH\View\View.php(231): CodeIgniter\View\View->CodeIgniter\View\{closure}()
 2 SYSTEMPATH\Common.php(1178): CodeIgniter\View\View->render('user_info2', [], true)
 3 APPPATH\Controllers\Demo.php(227): view('user_info2', [...])
 4 SYSTEMPATH\CodeIgniter.php(941): App\Controllers\Demo->login_process()
 5 SYSTEMPATH\CodeIgniter.php(502): CodeIgniter\CodeIgniter->runController(Object(App\Controllers\Demo))
 6 SYSTEMPATH\CodeIgniter.php(361): CodeIgniter\CodeIgniter->handleRequest(null, Object(Config\Cache), false)
 7 FCPATH\index.php(84): CodeIgniter\CodeIgniter->run()
INFO - 2024-06-24 08:09:16 --> Session: Class initialized using 'CodeIgniter\Session\Handlers\FileHandler' driver.
WARNING - 2024-06-24 08:09:16 --> Session: Sessions is enabled, and one exists. Please don't $session->start();
CRITICAL - 2024-06-24 15:09:16 --> ErrorException: Undefined variable $arrStr
in APPPATH\Views\user_info2.php on line 392.
 1 APPPATH\Views\user_info2.php(392): CodeIgniter\Debug\Exceptions->errorHandler(2, 'Undefined variable $arrStr', 'C:\\xampp\\htdocs\\ci\\app\\Views\\user_info2.php', 392)
 2 SYSTEMPATH\View\View.php(228): include('C:\\xampp\\htdocs\\ci\\app\\Views\\user_info2.php')
 3 SYSTEMPATH\View\View.php(231): CodeIgniter\View\View->CodeIgniter\View\{closure}()
 4 SYSTEMPATH\Common.php(1178): CodeIgniter\View\View->render('user_info2', [], true)
 5 APPPATH\Controllers\Demo.php(227): view('user_info2', [...])
 6 SYSTEMPATH\CodeIgniter.php(941): App\Controllers\Demo->login_process()
 7 SYSTEMPATH\CodeIgniter.php(502): CodeIgniter\CodeIgniter->runController(Object(App\Controllers\Demo))
 8 SYSTEMPATH\CodeIgniter.php(361): CodeIgniter\CodeIgniter->handleRequest(null, Object(Config\Cache), false)
 9 FCPATH\index.php(84): CodeIgniter\CodeIgniter->run()
INFO - 2024-06-24 08:09:29 --> Session: Class initialized using 'CodeIgniter\Session\Handlers\FileHandler' driver.
WARNING - 2024-06-24 08:09:29 --> Session: Sessions is enabled, and one exists. Please don't $session->start();
CRITICAL - 2024-06-24 15:09:30 --> ErrorException: Array to string conversion
in APPPATH\Views\user_info2.php on line 392.
 1 APPPATH\Views\user_info2.php(392): CodeIgniter\Debug\Exceptions->errorHandler(2, 'Array to string conversion', 'C:\\xampp\\htdocs\\ci\\app\\Views\\user_info2.php', 392)
 2 SYSTEMPATH\View\View.php(228): include('C:\\xampp\\htdocs\\ci\\app\\Views\\user_info2.php')
 3 SYSTEMPATH\View\View.php(231): CodeIgniter\View\View->CodeIgniter\View\{closure}()
 4 SYSTEMPATH\Common.php(1178): CodeIgniter\View\View->render('user_info2', [], true)
 5 APPPATH\Controllers\Demo.php(227): view('user_info2', [...])
 6 SYSTEMPATH\CodeIgniter.php(941): App\Controllers\Demo->login_process()
 7 SYSTEMPATH\CodeIgniter.php(502): CodeIgniter\CodeIgniter->runController(Object(App\Controllers\Demo))
 8 SYSTEMPATH\CodeIgniter.php(361): CodeIgniter\CodeIgniter->handleRequest(null, Object(Config\Cache), false)
 9 FCPATH\index.php(84): CodeIgniter\CodeIgniter->run()
INFO - 2024-06-24 08:09:36 --> Session: Class initialized using 'CodeIgniter\Session\Handlers\FileHandler' driver.
WARNING - 2024-06-24 08:09:36 --> Session: Sessions is enabled, and one exists. Please don't $session->start();
INFO - 2024-06-24 08:12:28 --> Session: Class initialized using 'CodeIgniter\Session\Handlers\FileHandler' driver.
WARNING - 2024-06-24 08:12:28 --> Session: Sessions is enabled, and one exists. Please don't $session->start();
INFO - 2024-06-24 08:13:22 --> Session: Class initialized using 'CodeIgniter\Session\Handlers\FileHandler' driver.
WARNING - 2024-06-24 08:13:22 --> Session: Sessions is enabled, and one exists. Please don't $session->start();
INFO - 2024-06-24 08:14:57 --> Session: Class initialized using 'CodeIgniter\Session\Handlers\FileHandler' driver.
WARNING - 2024-06-24 08:14:57 --> Session: Sessions is enabled, and one exists. Please don't $session->start();
INFO - 2024-06-24 08:15:29 --> Session: Class initialized using 'CodeIgniter\Session\Handlers\FileHandler' driver.
WARNING - 2024-06-24 08:15:29 --> Session: Sessions is enabled, and one exists. Please don't $session->start();
INFO - 2024-06-24 08:15:56 --> Session: Class initialized using 'CodeIgniter\Session\Handlers\FileHandler' driver.
WARNING - 2024-06-24 08:15:56 --> Session: Sessions is enabled, and one exists. Please don't $session->start();
INFO - 2024-06-24 08:16:18 --> Session: Class initialized using 'CodeIgniter\Session\Handlers\FileHandler' driver.
WARNING - 2024-06-24 08:16:18 --> Session: Sessions is enabled, and one exists. Please don't $session->start();
INFO - 2024-06-24 08:16:21 --> Session: Class initialized using 'CodeIgniter\Session\Handlers\FileHandler' driver.
WARNING - 2024-06-24 08:16:21 --> Session: Sessions is enabled, and one exists. Please don't $session->start();
INFO - 2024-06-24 08:17:27 --> Session: Class initialized using 'CodeIgniter\Session\Handlers\FileHandler' driver.
WARNING - 2024-06-24 08:17:27 --> Session: Sessions is enabled, and one exists. Please don't $session->start();
INFO - 2024-06-24 08:18:02 --> Session: Class initialized using 'CodeIgniter\Session\Handlers\FileHandler' driver.
WARNING - 2024-06-24 08:18:02 --> Session: Sessions is enabled, and one exists. Please don't $session->start();
INFO - 2024-06-24 08:18:39 --> Session: Class initialized using 'CodeIgniter\Session\Handlers\FileHandler' driver.
WARNING - 2024-06-24 08:18:39 --> Session: Sessions is enabled, and one exists. Please don't $session->start();
INFO - 2024-06-24 08:22:26 --> Session: Class initialized using 'CodeIgniter\Session\Handlers\FileHandler' driver.
WARNING - 2024-06-24 08:22:26 --> Session: Sessions is enabled, and one exists. Please don't $session->start();
INFO - 2024-06-24 08:22:40 --> Session: Class initialized using 'CodeIgniter\Session\Handlers\FileHandler' driver.
WARNING - 2024-06-24 08:22:40 --> Session: Sessions is enabled, and one exists. Please don't $session->start();
INFO - 2024-06-24 08:28:00 --> Session: Class initialized using 'CodeIgniter\Session\Handlers\FileHandler' driver.
WARNING - 2024-06-24 08:28:00 --> Session: Sessions is enabled, and one exists. Please don't $session->start();
INFO - 2024-06-24 08:28:49 --> Session: Class initialized using 'CodeIgniter\Session\Handlers\FileHandler' driver.
WARNING - 2024-06-24 08:28:49 --> Session: Sessions is enabled, and one exists. Please don't $session->start();
INFO - 2024-06-24 08:30:31 --> Session: Class initialized using 'CodeIgniter\Session\Handlers\FileHandler' driver.
WARNING - 2024-06-24 08:30:31 --> Session: Sessions is enabled, and one exists. Please don't $session->start();
INFO - 2024-06-24 08:31:36 --> Session: Class initialized using 'CodeIgniter\Session\Handlers\FileHandler' driver.
WARNING - 2024-06-24 08:31:36 --> Session: Sessions is enabled, and one exists. Please don't $session->start();
INFO - 2024-06-24 08:33:18 --> Session: Class initialized using 'CodeIgniter\Session\Handlers\FileHandler' driver.
WARNING - 2024-06-24 08:33:18 --> Session: Sessions is enabled, and one exists. Please don't $session->start();
INFO - 2024-06-24 08:36:07 --> Session: Class initialized using 'CodeIgniter\Session\Handlers\FileHandler' driver.
WARNING - 2024-06-24 08:36:07 --> Session: Sessions is enabled, and one exists. Please don't $session->start();
INFO - 2024-06-24 08:36:23 --> Session: Class initialized using 'CodeIgniter\Session\Handlers\FileHandler' driver.
WARNING - 2024-06-24 08:36:23 --> Session: Sessions is enabled, and one exists. Please don't $session->start();
INFO - 2024-06-24 08:43:55 --> Session: Class initialized using 'CodeIgniter\Session\Handlers\FileHandler' driver.
WARNING - 2024-06-24 08:43:55 --> Session: Sessions is enabled, and one exists. Please don't $session->start();
CRITICAL - 2024-06-24 15:43:55 --> ErrorException: Array to string conversion
in APPPATH\Views\user_info2.php on line 455.
 1 APPPATH\Views\user_info2.php(455): CodeIgniter\Debug\Exceptions->errorHandler(2, 'Array to string conversion', 'C:\\xampp\\htdocs\\ci\\app\\Views\\user_info2.php', 455)
 2 SYSTEMPATH\View\View.php(228): include('C:\\xampp\\htdocs\\ci\\app\\Views\\user_info2.php')
 3 SYSTEMPATH\View\View.php(231): CodeIgniter\View\View->CodeIgniter\View\{closure}()
 4 SYSTEMPATH\Common.php(1178): CodeIgniter\View\View->render('user_info2', [], true)
 5 APPPATH\Controllers\Demo.php(237): view('user_info2', [...])
 6 SYSTEMPATH\CodeIgniter.php(941): App\Controllers\Demo->login_process()
 7 SYSTEMPATH\CodeIgniter.php(502): CodeIgniter\CodeIgniter->runController(Object(App\Controllers\Demo))
 8 SYSTEMPATH\CodeIgniter.php(361): CodeIgniter\CodeIgniter->handleRequest(null, Object(Config\Cache), false)
 9 FCPATH\index.php(84): CodeIgniter\CodeIgniter->run()
INFO - 2024-06-24 08:45:26 --> Session: Class initialized using 'CodeIgniter\Session\Handlers\FileHandler' driver.
WARNING - 2024-06-24 08:45:26 --> Session: Sessions is enabled, and one exists. Please don't $session->start();
INFO - 2024-06-24 08:45:50 --> Session: Class initialized using 'CodeIgniter\Session\Handlers\FileHandler' driver.
WARNING - 2024-06-24 08:45:50 --> Session: Sessions is enabled, and one exists. Please don't $session->start();
INFO - 2024-06-24 08:46:01 --> Session: Class initialized using 'CodeIgniter\Session\Handlers\FileHandler' driver.
WARNING - 2024-06-24 08:46:01 --> Session: Sessions is enabled, and one exists. Please don't $session->start();
INFO - 2024-06-24 08:54:34 --> Session: Class initialized using 'CodeIgniter\Session\Handlers\FileHandler' driver.
WARNING - 2024-06-24 08:54:34 --> Session: Sessions is enabled, and one exists. Please don't $session->start();
INFO - 2024-06-24 08:56:11 --> Session: Class initialized using 'CodeIgniter\Session\Handlers\FileHandler' driver.
WARNING - 2024-06-24 08:56:11 --> Session: Sessions is enabled, and one exists. Please don't $session->start();
INFO - 2024-06-24 08:56:48 --> Session: Class initialized using 'CodeIgniter\Session\Handlers\FileHandler' driver.
WARNING - 2024-06-24 08:56:48 --> Session: Sessions is enabled, and one exists. Please don't $session->start();
INFO - 2024-06-24 08:56:51 --> Session: Class initialized using 'CodeIgniter\Session\Handlers\FileHandler' driver.
WARNING - 2024-06-24 08:56:51 --> Session: Sessions is enabled, and one exists. Please don't $session->start();
INFO - 2024-06-24 08:56:56 --> Session: Class initialized using 'CodeIgniter\Session\Handlers\FileHandler' driver.
WARNING - 2024-06-24 08:56:56 --> Session: Sessions is enabled, and one exists. Please don't $session->start();
INFO - 2024-06-24 08:58:35 --> Session: Class initialized using 'CodeIgniter\Session\Handlers\FileHandler' driver.
WARNING - 2024-06-24 08:58:35 --> Session: Sessions is enabled, and one exists. Please don't $session->start();
INFO - 2024-06-24 08:58:48 --> Session: Class initialized using 'CodeIgniter\Session\Handlers\FileHandler' driver.
WARNING - 2024-06-24 08:58:48 --> Session: Sessions is enabled, and one exists. Please don't $session->start();
INFO - 2024-06-24 08:59:07 --> Session: Class initialized using 'CodeIgniter\Session\Handlers\FileHandler' driver.
WARNING - 2024-06-24 08:59:07 --> Session: Sessions is enabled, and one exists. Please don't $session->start();
INFO - 2024-06-24 08:59:34 --> Session: Class initialized using 'CodeIgniter\Session\Handlers\FileHandler' driver.
WARNING - 2024-06-24 08:59:34 --> Session: Sessions is enabled, and one exists. Please don't $session->start();
INFO - 2024-06-24 08:59:34 --> Session: Class initialized using 'CodeIgniter\Session\Handlers\FileHandler' driver.
WARNING - 2024-06-24 08:59:34 --> Session: Sessions is enabled, and one exists. Please don't $session->start();
INFO - 2024-06-24 08:59:52 --> Session: Class initialized using 'CodeIgniter\Session\Handlers\FileHandler' driver.
WARNING - 2024-06-24 08:59:52 --> Session: Sessions is enabled, and one exists. Please don't $session->start();
INFO - 2024-06-24 09:00:11 --> Session: Class initialized using 'CodeIgniter\Session\Handlers\FileHandler' driver.
WARNING - 2024-06-24 09:00:11 --> Session: Sessions is enabled, and one exists. Please don't $session->start();
INFO - 2024-06-24 09:00:11 --> Session: Class initialized using 'CodeIgniter\Session\Handlers\FileHandler' driver.
WARNING - 2024-06-24 09:00:11 --> Session: Sessions is enabled, and one exists. Please don't $session->start();
INFO - 2024-06-24 09:00:17 --> Session: Class initialized using 'CodeIgniter\Session\Handlers\FileHandler' driver.
WARNING - 2024-06-24 09:00:17 --> Session: Sessions is enabled, and one exists. Please don't $session->start();
INFO - 2024-06-24 09:01:18 --> Session: Class initialized using 'CodeIgniter\Session\Handlers\FileHandler' driver.
WARNING - 2024-06-24 09:01:18 --> Session: Sessions is enabled, and one exists. Please don't $session->start();
INFO - 2024-06-24 09:01:42 --> Session: Class initialized using 'CodeIgniter\Session\Handlers\FileHandler' driver.
WARNING - 2024-06-24 09:01:42 --> Session: Sessions is enabled, and one exists. Please don't $session->start();
INFO - 2024-06-24 09:01:43 --> Session: Class initialized using 'CodeIgniter\Session\Handlers\FileHandler' driver.
WARNING - 2024-06-24 09:01:43 --> Session: Sessions is enabled, and one exists. Please don't $session->start();
INFO - 2024-06-24 09:01:48 --> Session: Class initialized using 'CodeIgniter\Session\Handlers\FileHandler' driver.
WARNING - 2024-06-24 09:01:48 --> Session: Sessions is enabled, and one exists. Please don't $session->start();
INFO - 2024-06-24 09:08:58 --> Session: Class initialized using 'CodeIgniter\Session\Handlers\FileHandler' driver.
WARNING - 2024-06-24 09:08:58 --> Session: Sessions is enabled, and one exists. Please don't $session->start();
INFO - 2024-06-24 09:08:58 --> Session: Class initialized using 'CodeIgniter\Session\Handlers\FileHandler' driver.
WARNING - 2024-06-24 09:08:58 --> Session: Sessions is enabled, and one exists. Please don't $session->start();
INFO - 2024-06-24 09:09:19 --> Session: Class initialized using 'CodeIgniter\Session\Handlers\FileHandler' driver.
WARNING - 2024-06-24 09:09:19 --> Session: Sessions is enabled, and one exists. Please don't $session->start();
INFO - 2024-06-24 09:09:58 --> Session: Class initialized using 'CodeIgniter\Session\Handlers\FileHandler' driver.
WARNING - 2024-06-24 09:09:58 --> Session: Sessions is enabled, and one exists. Please don't $session->start();
INFO - 2024-06-24 09:10:09 --> Session: Class initialized using 'CodeIgniter\Session\Handlers\FileHandler' driver.
WARNING - 2024-06-24 09:10:09 --> Session: Sessions is enabled, and one exists. Please don't $session->start();
INFO - 2024-06-24 09:10:35 --> Session: Class initialized using 'CodeIgniter\Session\Handlers\FileHandler' driver.
WARNING - 2024-06-24 09:10:35 --> Session: Sessions is enabled, and one exists. Please don't $session->start();
INFO - 2024-06-24 09:10:51 --> Session: Class initialized using 'CodeIgniter\Session\Handlers\FileHandler' driver.
WARNING - 2024-06-24 09:10:51 --> Session: Sessions is enabled, and one exists. Please don't $session->start();
INFO - 2024-06-24 09:10:53 --> Session: Class initialized using 'CodeIgniter\Session\Handlers\FileHandler' driver.
WARNING - 2024-06-24 09:10:53 --> Session: Sessions is enabled, and one exists. Please don't $session->start();
INFO - 2024-06-24 09:10:55 --> Session: Class initialized using 'CodeIgniter\Session\Handlers\FileHandler' driver.
WARNING - 2024-06-24 09:10:55 --> Session: Sessions is enabled, and one exists. Please don't $session->start();
CRITICAL - 2024-06-24 09:38:16 --> ErrorException: Undefined array key "layers"
in APPPATH\Controllers\Home.php on line 154.
 1 APPPATH\Controllers\Home.php(154): CodeIgniter\Debug\Exceptions->errorHandler(2, 'Undefined array key "layers"', 'C:\\xampp\\htdocs\\ci\\app\\Controllers\\Home.php', 154)
 2 SYSTEMPATH\CodeIgniter.php(941): App\Controllers\Home->squareXO()
 3 SYSTEMPATH\CodeIgniter.php(502): CodeIgniter\CodeIgniter->runController(Object(App\Controllers\Home))
 4 SYSTEMPATH\CodeIgniter.php(361): CodeIgniter\CodeIgniter->handleRequest(null, Object(Config\Cache), false)
 5 FCPATH\index.php(84): CodeIgniter\CodeIgniter->run()
CRITICAL - 2024-06-24 09:38:25 --> ErrorException: Undefined variable $layers
in APPPATH\Views\square.php on line 2.
 1 APPPATH\Views\square.php(2): CodeIgniter\Debug\Exceptions->errorHandler(2, 'Undefined variable $layers', 'C:\\xampp\\htdocs\\ci\\app\\Views\\square.php', 2)
 2 SYSTEMPATH\View\View.php(228): include('C:\\xampp\\htdocs\\ci\\app\\Views\\square.php')
 3 SYSTEMPATH\View\View.php(231): CodeIgniter\View\View->CodeIgniter\View\{closure}()
 4 SYSTEMPATH\Common.php(1178): CodeIgniter\View\View->render('square', [], true)
 5 APPPATH\Controllers\Home.php(156): view('square')
 6 SYSTEMPATH\CodeIgniter.php(941): App\Controllers\Home->squareXO()
 7 SYSTEMPATH\CodeIgniter.php(502): CodeIgniter\CodeIgniter->runController(Object(App\Controllers\Home))
 8 SYSTEMPATH\CodeIgniter.php(361): CodeIgniter\CodeIgniter->handleRequest(null, Object(Config\Cache), false)
 9 FCPATH\index.php(84): CodeIgniter\CodeIgniter->run()
CRITICAL - 2024-06-24 09:43:12 --> TypeError: Unsupported operand types: string + string
in APPPATH\Views\square.php on line 10.
 1 SYSTEMPATH\View\View.php(228): include()
 2 SYSTEMPATH\View\View.php(231): CodeIgniter\View\View->CodeIgniter\View\{closure}()
 3 SYSTEMPATH\Common.php(1178): CodeIgniter\View\View->render('square', [], true)
 4 APPPATH\Controllers\Home.php(156): view('square', [...])
 5 SYSTEMPATH\CodeIgniter.php(941): App\Controllers\Home->squareXO()
 6 SYSTEMPATH\CodeIgniter.php(502): CodeIgniter\CodeIgniter->runController(Object(App\Controllers\Home))
 7 SYSTEMPATH\CodeIgniter.php(361): CodeIgniter\CodeIgniter->handleRequest(null, Object(Config\Cache), false)
 8 FCPATH\index.php(84): CodeIgniter\CodeIgniter->run()
CRITICAL - 2024-06-24 09:52:33 --> ParseError: syntax error, unexpected token "}", expecting "," or ";"
in APPPATH\Views\square.php on line 14.
 1 SYSTEMPATH\View\View.php(231): CodeIgniter\View\View->CodeIgniter\View\{closure}()
 2 SYSTEMPATH\Common.php(1178): CodeIgniter\View\View->render('square', [], true)
 3 APPPATH\Controllers\Home.php(156): view('square', [...])
 4 SYSTEMPATH\CodeIgniter.php(941): App\Controllers\Home->squareXO()
 5 SYSTEMPATH\CodeIgniter.php(502): CodeIgniter\CodeIgniter->runController(Object(App\Controllers\Home))
 6 SYSTEMPATH\CodeIgniter.php(361): CodeIgniter\CodeIgniter->handleRequest(null, Object(Config\Cache), false)
 7 FCPATH\index.php(84): CodeIgniter\CodeIgniter->run()
CRITICAL - 2024-06-24 09:54:20 --> ErrorException: Allowed memory size of 536870912 bytes exhausted (tried to allocate 264257536 bytes)
in APPPATH\Views\square.php on line 13.
 1 [internal function]: CodeIgniter\Debug\Exceptions->shutdownHandler()
CRITICAL - 2024-06-24 09:59:34 --> ErrorException: Allowed memory size of 536870912 bytes exhausted (tried to allocate 266354688 bytes)
in APPPATH\Views\square.php on line 14.
 1 [internal function]: CodeIgniter\Debug\Exceptions->shutdownHandler()
