CRITICAL - 2024-06-25 02:39:21 --> ParseError: syntax error, unexpected token "class", expecting "," or ";"
in APPPATH\Controllers\Demo.php on line 7.
 1 SYSTEMPATH\Router\Router.php(514): CodeIgniter\Router\AutoRouter->getRoute('demo/login', 'get')
 2 SYSTEMPATH\Router\Router.php(210): CodeIgniter\Router\Router->autoRoute('demo/login')
 3 SYSTEMPATH\CodeIgniter.php(823): CodeIgniter\Router\Router->handle('demo/login')
 4 SYSTEMPATH\CodeIgniter.php(450): CodeIgniter\CodeIgniter->tryToRouteIt(Object(CodeIgniter\Router\RouteCollection))
 5 SYSTEMPATH\CodeIgniter.php(361): CodeIgniter\CodeIgniter->handleRequest(null, Object(Config\Cache), false)
 6 FCPATH\index.php(84): CodeIgniter\CodeIgniter->run()
CRITICAL - 2024-06-25 02:39:40 --> ParseError: syntax error, unexpected token "class", expecting "," or ";"
in APPPATH\Controllers\Demo.php on line 7.
 1 SYSTEMPATH\Router\Router.php(514): CodeIgniter\Router\AutoRouter->getRoute('demo/login', 'get')
 2 SYSTEMPATH\Router\Router.php(210): CodeIgniter\Router\Router->autoRoute('demo/login')
 3 SYSTEMPATH\CodeIgniter.php(823): CodeIgniter\Router\Router->handle('demo/login')
 4 SYSTEMPATH\CodeIgniter.php(450): CodeIgniter\CodeIgniter->tryToRouteIt(Object(CodeIgniter\Router\RouteCollection))
 5 SYSTEMPATH\CodeIgniter.php(361): CodeIgniter\CodeIgniter->handleRequest(null, Object(Config\Cache), false)
 6 FCPATH\index.php(84): CodeIgniter\CodeIgniter->run()
INFO - 2024-06-25 02:39:55 --> Session: Class initialized using 'CodeIgniter\Session\Handlers\FileHandler' driver.
WARNING - 2024-06-25 02:39:55 --> Session: Sessions is enabled, and one exists. Please don't $session->start();
INFO - 2024-06-25 02:40:00 --> Session: Class initialized using 'CodeIgniter\Session\Handlers\FileHandler' driver.
WARNING - 2024-06-25 02:40:00 --> Session: Sessions is enabled, and one exists. Please don't $session->start();
ERROR - 2024-06-25 09:40:05 --> Error connecting to the database: mysqli_sql_exception: No connection could be made because the target machine actively refused it in C:\xampp\htdocs\ci\system\Database\MySQLi\Connection.php:185
Stack trace:
#0 C:\xampp\htdocs\ci\system\Database\MySQLi\Connection.php(185): mysqli->real_connect('localhost', 'brightdev', '43349690', 'user', 3306, '', 0)
#1 C:\xampp\htdocs\ci\system\Database\BaseConnection.php(392): CodeIgniter\Database\MySQLi\Connection->connect(false)
#2 C:\xampp\htdocs\ci\system\Database\BaseConnection.php(575): CodeIgniter\Database\BaseConnection->initialize()
#3 C:\xampp\htdocs\ci\app\Models\Mydev_model.php(39): CodeIgniter\Database\BaseConnection->query('SELECT user_id,...', Array)
#4 C:\xampp\htdocs\ci\app\Controllers\Demo.php(193): App\Models\Mydev_model->select_binding('SELECT user_id,...', Array)
#5 C:\xampp\htdocs\ci\system\CodeIgniter.php(941): App\Controllers\Demo->login_process()
#6 C:\xampp\htdocs\ci\system\CodeIgniter.php(502): CodeIgniter\CodeIgniter->runController(Object(App\Controllers\Demo))
#7 C:\xampp\htdocs\ci\system\CodeIgniter.php(361): CodeIgniter\CodeIgniter->handleRequest(NULL, Object(Config\Cache), false)
#8 C:\xampp\htdocs\ci\public\index.php(84): CodeIgniter\CodeIgniter->run()
#9 {main}

Next CodeIgniter\Database\Exceptions\DatabaseException: No connection could be made because the target machine actively refused it in C:\xampp\htdocs\ci\system\Database\MySQLi\Connection.php:229
Stack trace:
#0 C:\xampp\htdocs\ci\system\Database\BaseConnection.php(392): CodeIgniter\Database\MySQLi\Connection->connect(false)
#1 C:\xampp\htdocs\ci\system\Database\BaseConnection.php(575): CodeIgniter\Database\BaseConnection->initialize()
#2 C:\xampp\htdocs\ci\app\Models\Mydev_model.php(39): CodeIgniter\Database\BaseConnection->query('SELECT user_id,...', Array)
#3 C:\xampp\htdocs\ci\app\Controllers\Demo.php(193): App\Models\Mydev_model->select_binding('SELECT user_id,...', Array)
#4 C:\xampp\htdocs\ci\system\CodeIgniter.php(941): App\Controllers\Demo->login_process()
#5 C:\xampp\htdocs\ci\system\CodeIgniter.php(502): CodeIgniter\CodeIgniter->runController(Object(App\Controllers\Demo))
#6 C:\xampp\htdocs\ci\system\CodeIgniter.php(361): CodeIgniter\CodeIgniter->handleRequest(NULL, Object(Config\Cache), false)
#7 C:\xampp\htdocs\ci\public\index.php(84): CodeIgniter\CodeIgniter->run()
#8 {main}
CRITICAL - 2024-06-25 09:40:05 --> CodeIgniter\Database\Exceptions\DatabaseException: Unable to connect to the database.
Main connection [MySQLi]: No connection could be made because the target machine actively refused it
in SYSTEMPATH\Database\BaseConnection.php on line 428.
 1 SYSTEMPATH\Database\BaseConnection.php(575): CodeIgniter\Database\BaseConnection->initialize()
 2 APPPATH\Models\Mydev_model.php(39): CodeIgniter\Database\BaseConnection->query('SELECT user_id, username,created_at,status,status_approve FROM register WHERE username=? AND password=?;', [...])
 3 APPPATH\Controllers\Demo.php(193): App\Models\Mydev_model->select_binding('SELECT user_id, username,created_at,status,status_approve FROM register WHERE username=? AND password=?;', [...])
 4 SYSTEMPATH\CodeIgniter.php(941): App\Controllers\Demo->login_process()
 5 SYSTEMPATH\CodeIgniter.php(502): CodeIgniter\CodeIgniter->runController(Object(App\Controllers\Demo))
 6 SYSTEMPATH\CodeIgniter.php(361): CodeIgniter\CodeIgniter->handleRequest(null, Object(Config\Cache), false)
 7 FCPATH\index.php(84): CodeIgniter\CodeIgniter->run()
INFO - 2024-06-25 02:40:15 --> Session: Class initialized using 'CodeIgniter\Session\Handlers\FileHandler' driver.
WARNING - 2024-06-25 02:40:15 --> Session: Sessions is enabled, and one exists. Please don't $session->start();
CRITICAL - 2024-06-25 09:40:15 --> ErrorException: Undefined variable $userid_encrypted
in APPPATH\Views\user_info2.php on line 9.
 1 APPPATH\Views\user_info2.php(9): CodeIgniter\Debug\Exceptions->errorHandler(2, 'Undefined variable $userid_encrypted', 'C:\\xampp\\htdocs\\ci\\app\\Views\\user_info2.php', 9)
 2 SYSTEMPATH\View\View.php(228): include('C:\\xampp\\htdocs\\ci\\app\\Views\\user_info2.php')
 3 SYSTEMPATH\View\View.php(231): CodeIgniter\View\View->CodeIgniter\View\{closure}()
 4 SYSTEMPATH\Common.php(1178): CodeIgniter\View\View->render('user_info2', [], true)
 5 APPPATH\Controllers\Demo.php(257): view('user_info2', [...])
 6 SYSTEMPATH\CodeIgniter.php(941): App\Controllers\Demo->login_process()
 7 SYSTEMPATH\CodeIgniter.php(502): CodeIgniter\CodeIgniter->runController(Object(App\Controllers\Demo))
 8 SYSTEMPATH\CodeIgniter.php(361): CodeIgniter\CodeIgniter->handleRequest(null, Object(Config\Cache), false)
 9 FCPATH\index.php(84): CodeIgniter\CodeIgniter->run()
INFO - 2024-06-25 02:41:09 --> Session: Class initialized using 'CodeIgniter\Session\Handlers\FileHandler' driver.
WARNING - 2024-06-25 02:41:09 --> Session: Sessions is enabled, and one exists. Please don't $session->start();
CRITICAL - 2024-06-25 09:41:09 --> ErrorException: Undefined variable $user_id
in APPPATH\Controllers\Demo.php on line 251.
 1 APPPATH\Controllers\Demo.php(251): CodeIgniter\Debug\Exceptions->errorHandler(2, 'Undefined variable $user_id', 'C:\\xampp\\htdocs\\ci\\app\\Controllers\\Demo.php', 251)
 2 SYSTEMPATH\CodeIgniter.php(941): App\Controllers\Demo->login_process()
 3 SYSTEMPATH\CodeIgniter.php(502): CodeIgniter\CodeIgniter->runController(Object(App\Controllers\Demo))
 4 SYSTEMPATH\CodeIgniter.php(361): CodeIgniter\CodeIgniter->handleRequest(null, Object(Config\Cache), false)
 5 FCPATH\index.php(84): CodeIgniter\CodeIgniter->run()
INFO - 2024-06-25 02:41:18 --> Session: Class initialized using 'CodeIgniter\Session\Handlers\FileHandler' driver.
WARNING - 2024-06-25 02:41:18 --> Session: Sessions is enabled, and one exists. Please don't $session->start();
INFO - 2024-06-25 02:41:19 --> Session: Class initialized using 'CodeIgniter\Session\Handlers\FileHandler' driver.
WARNING - 2024-06-25 02:41:19 --> Session: Sessions is enabled, and one exists. Please don't $session->start();
INFO - 2024-06-25 02:41:19 --> Session: Class initialized using 'CodeIgniter\Session\Handlers\FileHandler' driver.
WARNING - 2024-06-25 02:41:19 --> Session: Sessions is enabled, and one exists. Please don't $session->start();
INFO - 2024-06-25 02:41:23 --> Session: Class initialized using 'CodeIgniter\Session\Handlers\FileHandler' driver.
WARNING - 2024-06-25 02:41:23 --> Session: Sessions is enabled, and one exists. Please don't $session->start();
CRITICAL - 2024-06-25 09:41:23 --> ErrorException: Undefined variable $user_id
in APPPATH\Controllers\Demo.php on line 251.
 1 APPPATH\Controllers\Demo.php(251): CodeIgniter\Debug\Exceptions->errorHandler(2, 'Undefined variable $user_id', 'C:\\xampp\\htdocs\\ci\\app\\Controllers\\Demo.php', 251)
 2 SYSTEMPATH\CodeIgniter.php(941): App\Controllers\Demo->login_process()
 3 SYSTEMPATH\CodeIgniter.php(502): CodeIgniter\CodeIgniter->runController(Object(App\Controllers\Demo))
 4 SYSTEMPATH\CodeIgniter.php(361): CodeIgniter\CodeIgniter->handleRequest(null, Object(Config\Cache), false)
 5 FCPATH\index.php(84): CodeIgniter\CodeIgniter->run()
INFO - 2024-06-25 02:41:52 --> Session: Class initialized using 'CodeIgniter\Session\Handlers\FileHandler' driver.
WARNING - 2024-06-25 02:41:52 --> Session: Sessions is enabled, and one exists. Please don't $session->start();
CRITICAL - 2024-06-25 09:41:52 --> ErrorException: Undefined variable $userid_encrypted
in APPPATH\Views\user_info2.php on line 9.
 1 APPPATH\Views\user_info2.php(9): CodeIgniter\Debug\Exceptions->errorHandler(2, 'Undefined variable $userid_encrypted', 'C:\\xampp\\htdocs\\ci\\app\\Views\\user_info2.php', 9)
 2 SYSTEMPATH\View\View.php(228): include('C:\\xampp\\htdocs\\ci\\app\\Views\\user_info2.php')
 3 SYSTEMPATH\View\View.php(231): CodeIgniter\View\View->CodeIgniter\View\{closure}()
 4 SYSTEMPATH\Common.php(1178): CodeIgniter\View\View->render('user_info2', [], true)
 5 APPPATH\Controllers\Demo.php(260): view('user_info2', [...])
 6 SYSTEMPATH\CodeIgniter.php(941): App\Controllers\Demo->login_process()
 7 SYSTEMPATH\CodeIgniter.php(502): CodeIgniter\CodeIgniter->runController(Object(App\Controllers\Demo))
 8 SYSTEMPATH\CodeIgniter.php(361): CodeIgniter\CodeIgniter->handleRequest(null, Object(Config\Cache), false)
 9 FCPATH\index.php(84): CodeIgniter\CodeIgniter->run()
INFO - 2024-06-25 02:41:54 --> Session: Class initialized using 'CodeIgniter\Session\Handlers\FileHandler' driver.
WARNING - 2024-06-25 02:41:54 --> Session: Sessions is enabled, and one exists. Please don't $session->start();
INFO - 2024-06-25 02:41:55 --> Session: Class initialized using 'CodeIgniter\Session\Handlers\FileHandler' driver.
WARNING - 2024-06-25 02:41:55 --> Session: Sessions is enabled, and one exists. Please don't $session->start();
INFO - 2024-06-25 02:41:55 --> Session: Class initialized using 'CodeIgniter\Session\Handlers\FileHandler' driver.
WARNING - 2024-06-25 02:41:55 --> Session: Sessions is enabled, and one exists. Please don't $session->start();
INFO - 2024-06-25 02:41:59 --> Session: Class initialized using 'CodeIgniter\Session\Handlers\FileHandler' driver.
WARNING - 2024-06-25 02:41:59 --> Session: Sessions is enabled, and one exists. Please don't $session->start();
CRITICAL - 2024-06-25 09:41:59 --> ErrorException: Undefined variable $userid_encrypted
in APPPATH\Views\user_info2.php on line 9.
 1 APPPATH\Views\user_info2.php(9): CodeIgniter\Debug\Exceptions->errorHandler(2, 'Undefined variable $userid_encrypted', 'C:\\xampp\\htdocs\\ci\\app\\Views\\user_info2.php', 9)
 2 SYSTEMPATH\View\View.php(228): include('C:\\xampp\\htdocs\\ci\\app\\Views\\user_info2.php')
 3 SYSTEMPATH\View\View.php(231): CodeIgniter\View\View->CodeIgniter\View\{closure}()
 4 SYSTEMPATH\Common.php(1178): CodeIgniter\View\View->render('user_info2', [], true)
 5 APPPATH\Controllers\Demo.php(260): view('user_info2', [...])
 6 SYSTEMPATH\CodeIgniter.php(941): App\Controllers\Demo->login_process()
 7 SYSTEMPATH\CodeIgniter.php(502): CodeIgniter\CodeIgniter->runController(Object(App\Controllers\Demo))
 8 SYSTEMPATH\CodeIgniter.php(361): CodeIgniter\CodeIgniter->handleRequest(null, Object(Config\Cache), false)
 9 FCPATH\index.php(84): CodeIgniter\CodeIgniter->run()
INFO - 2024-06-25 02:42:11 --> Session: Class initialized using 'CodeIgniter\Session\Handlers\FileHandler' driver.
WARNING - 2024-06-25 02:42:11 --> Session: Sessions is enabled, and one exists. Please don't $session->start();
INFO - 2024-06-25 02:42:47 --> Session: Class initialized using 'CodeIgniter\Session\Handlers\FileHandler' driver.
WARNING - 2024-06-25 02:42:47 --> Session: Sessions is enabled, and one exists. Please don't $session->start();
INFO - 2024-06-25 02:42:48 --> Session: Class initialized using 'CodeIgniter\Session\Handlers\FileHandler' driver.
WARNING - 2024-06-25 02:42:48 --> Session: Sessions is enabled, and one exists. Please don't $session->start();
INFO - 2024-06-25 02:42:54 --> Session: Class initialized using 'CodeIgniter\Session\Handlers\FileHandler' driver.
WARNING - 2024-06-25 02:42:54 --> Session: Sessions is enabled, and one exists. Please don't $session->start();
INFO - 2024-06-25 02:42:54 --> Session: Class initialized using 'CodeIgniter\Session\Handlers\FileHandler' driver.
WARNING - 2024-06-25 02:42:54 --> Session: Sessions is enabled, and one exists. Please don't $session->start();
CRITICAL - 2024-06-25 03:33:41 --> ErrorException: Undefined variable $j
in APPPATH\Views\square.php on line 61.
 1 APPPATH\Views\square.php(61): CodeIgniter\Debug\Exceptions->errorHandler(2, 'Undefined variable $j', 'C:\\xampp\\htdocs\\ci\\app\\Views\\square.php', 61)
 2 SYSTEMPATH\View\View.php(228): include('C:\\xampp\\htdocs\\ci\\app\\Views\\square.php')
 3 SYSTEMPATH\View\View.php(231): CodeIgniter\View\View->CodeIgniter\View\{closure}()
 4 SYSTEMPATH\Common.php(1178): CodeIgniter\View\View->render('square', [], true)
 5 APPPATH\Controllers\Home.php(156): view('square', [...])
 6 SYSTEMPATH\CodeIgniter.php(941): App\Controllers\Home->squareXO()
 7 SYSTEMPATH\CodeIgniter.php(502): CodeIgniter\CodeIgniter->runController(Object(App\Controllers\Home))
 8 SYSTEMPATH\CodeIgniter.php(361): CodeIgniter\CodeIgniter->handleRequest(null, Object(Config\Cache), false)
 9 FCPATH\index.php(84): CodeIgniter\CodeIgniter->run()
CRITICAL - 2024-06-25 03:50:58 --> ParseError: Unmatched '}'
in APPPATH\Views\square.php on line 76.
 1 SYSTEMPATH\View\View.php(231): CodeIgniter\View\View->CodeIgniter\View\{closure}()
 2 SYSTEMPATH\Common.php(1178): CodeIgniter\View\View->render('square', [], true)
 3 APPPATH\Controllers\Home.php(156): view('square', [...])
 4 SYSTEMPATH\CodeIgniter.php(941): App\Controllers\Home->squareXO()
 5 SYSTEMPATH\CodeIgniter.php(502): CodeIgniter\CodeIgniter->runController(Object(App\Controllers\Home))
 6 SYSTEMPATH\CodeIgniter.php(361): CodeIgniter\CodeIgniter->handleRequest(null, Object(Config\Cache), false)
 7 FCPATH\index.php(84): CodeIgniter\CodeIgniter->run()
INFO - 2024-06-25 08:58:01 --> Session: Class initialized using 'CodeIgniter\Session\Handlers\FileHandler' driver.
WARNING - 2024-06-25 08:58:01 --> Session: Sessions is enabled, and one exists. Please don't $session->start();
INFO - 2024-06-25 08:58:02 --> Session: Class initialized using 'CodeIgniter\Session\Handlers\FileHandler' driver.
WARNING - 2024-06-25 08:58:02 --> Session: Sessions is enabled, and one exists. Please don't $session->start();
INFO - 2024-06-25 08:58:07 --> Session: Class initialized using 'CodeIgniter\Session\Handlers\FileHandler' driver.
WARNING - 2024-06-25 08:58:07 --> Session: Sessions is enabled, and one exists. Please don't $session->start();
CRITICAL - 2024-06-25 15:58:07 --> Error: Object of class App\Libraries\curl could not be converted to string
in APPPATH\Controllers\Demo.php on line 257.
 1 SYSTEMPATH\CodeIgniter.php(941): App\Controllers\Demo->login_process()
 2 SYSTEMPATH\CodeIgniter.php(502): CodeIgniter\CodeIgniter->runController(Object(App\Controllers\Demo))
 3 SYSTEMPATH\CodeIgniter.php(361): CodeIgniter\CodeIgniter->handleRequest(null, Object(Config\Cache), false)
 4 FCPATH\index.php(84): CodeIgniter\CodeIgniter->run()
INFO - 2024-06-25 09:01:39 --> Session: Class initialized using 'CodeIgniter\Session\Handlers\FileHandler' driver.
WARNING - 2024-06-25 09:01:39 --> Session: Sessions is enabled, and one exists. Please don't $session->start();
CRITICAL - 2024-06-25 16:01:39 --> Error: Object of class App\Libraries\curl could not be converted to string
in APPPATH\Controllers\Demo.php on line 257.
 1 SYSTEMPATH\CodeIgniter.php(941): App\Controllers\Demo->login_process()
 2 SYSTEMPATH\CodeIgniter.php(502): CodeIgniter\CodeIgniter->runController(Object(App\Controllers\Demo))
 3 SYSTEMPATH\CodeIgniter.php(361): CodeIgniter\CodeIgniter->handleRequest(null, Object(Config\Cache), false)
 4 FCPATH\index.php(84): CodeIgniter\CodeIgniter->run()
INFO - 2024-06-25 09:02:11 --> Session: Class initialized using 'CodeIgniter\Session\Handlers\FileHandler' driver.
WARNING - 2024-06-25 09:02:11 --> Session: Sessions is enabled, and one exists. Please don't $session->start();
CRITICAL - 2024-06-25 16:02:11 --> Error: Object of class App\Libraries\curl could not be converted to string
in APPPATH\Controllers\Demo.php on line 257.
 1 SYSTEMPATH\CodeIgniter.php(941): App\Controllers\Demo->login_process()
 2 SYSTEMPATH\CodeIgniter.php(502): CodeIgniter\CodeIgniter->runController(Object(App\Controllers\Demo))
 3 SYSTEMPATH\CodeIgniter.php(361): CodeIgniter\CodeIgniter->handleRequest(null, Object(Config\Cache), false)
 4 FCPATH\index.php(84): CodeIgniter\CodeIgniter->run()
INFO - 2024-06-25 09:03:36 --> Session: Class initialized using 'CodeIgniter\Session\Handlers\FileHandler' driver.
WARNING - 2024-06-25 09:03:36 --> Session: Sessions is enabled, and one exists. Please don't $session->start();
INFO - 2024-06-25 09:04:36 --> Session: Class initialized using 'CodeIgniter\Session\Handlers\FileHandler' driver.
WARNING - 2024-06-25 09:04:36 --> Session: Sessions is enabled, and one exists. Please don't $session->start();
INFO - 2024-06-25 09:04:59 --> Session: Class initialized using 'CodeIgniter\Session\Handlers\FileHandler' driver.
WARNING - 2024-06-25 09:04:59 --> Session: Sessions is enabled, and one exists. Please don't $session->start();
INFO - 2024-06-25 09:06:06 --> Session: Class initialized using 'CodeIgniter\Session\Handlers\FileHandler' driver.
WARNING - 2024-06-25 09:06:06 --> Session: Sessions is enabled, and one exists. Please don't $session->start();
CRITICAL - 2024-06-25 16:06:06 --> ErrorException: Undefined variable $reward_status
in APPPATH\Views\user_info2.php on line 17.
 1 APPPATH\Views\user_info2.php(17): CodeIgniter\Debug\Exceptions->errorHandler(2, 'Undefined variable $reward_status', 'C:\\xampp\\htdocs\\ci\\app\\Views\\user_info2.php', 17)
 2 SYSTEMPATH\View\View.php(228): include('C:\\xampp\\htdocs\\ci\\app\\Views\\user_info2.php')
 3 SYSTEMPATH\View\View.php(231): CodeIgniter\View\View->CodeIgniter\View\{closure}()
 4 SYSTEMPATH\Common.php(1178): CodeIgniter\View\View->render('user_info2', [], true)
 5 APPPATH\Controllers\Demo.php(338): view('user_info2', [...])
 6 SYSTEMPATH\CodeIgniter.php(941): App\Controllers\Demo->login_process()
 7 SYSTEMPATH\CodeIgniter.php(502): CodeIgniter\CodeIgniter->runController(Object(App\Controllers\Demo))
 8 SYSTEMPATH\CodeIgniter.php(361): CodeIgniter\CodeIgniter->handleRequest(null, Object(Config\Cache), false)
 9 FCPATH\index.php(84): CodeIgniter\CodeIgniter->run()
INFO - 2024-06-25 09:06:09 --> Session: Class initialized using 'CodeIgniter\Session\Handlers\FileHandler' driver.
WARNING - 2024-06-25 09:06:09 --> Session: Sessions is enabled, and one exists. Please don't $session->start();
CRITICAL - 2024-06-25 16:06:09 --> ErrorException: Undefined variable $reward_status
in APPPATH\Views\user_info2.php on line 17.
 1 APPPATH\Views\user_info2.php(17): CodeIgniter\Debug\Exceptions->errorHandler(2, 'Undefined variable $reward_status', 'C:\\xampp\\htdocs\\ci\\app\\Views\\user_info2.php', 17)
 2 SYSTEMPATH\View\View.php(228): include('C:\\xampp\\htdocs\\ci\\app\\Views\\user_info2.php')
 3 SYSTEMPATH\View\View.php(231): CodeIgniter\View\View->CodeIgniter\View\{closure}()
 4 SYSTEMPATH\Common.php(1178): CodeIgniter\View\View->render('user_info2', [], true)
 5 APPPATH\Controllers\Demo.php(338): view('user_info2', [...])
 6 SYSTEMPATH\CodeIgniter.php(941): App\Controllers\Demo->login_process()
 7 SYSTEMPATH\CodeIgniter.php(502): CodeIgniter\CodeIgniter->runController(Object(App\Controllers\Demo))
 8 SYSTEMPATH\CodeIgniter.php(361): CodeIgniter\CodeIgniter->handleRequest(null, Object(Config\Cache), false)
 9 FCPATH\index.php(84): CodeIgniter\CodeIgniter->run()
INFO - 2024-06-25 09:06:10 --> Session: Class initialized using 'CodeIgniter\Session\Handlers\FileHandler' driver.
WARNING - 2024-06-25 09:06:10 --> Session: Sessions is enabled, and one exists. Please don't $session->start();
CRITICAL - 2024-06-25 16:06:10 --> ErrorException: Undefined variable $reward_status
in APPPATH\Views\user_info2.php on line 17.
 1 APPPATH\Views\user_info2.php(17): CodeIgniter\Debug\Exceptions->errorHandler(2, 'Undefined variable $reward_status', 'C:\\xampp\\htdocs\\ci\\app\\Views\\user_info2.php', 17)
 2 SYSTEMPATH\View\View.php(228): include('C:\\xampp\\htdocs\\ci\\app\\Views\\user_info2.php')
 3 SYSTEMPATH\View\View.php(231): CodeIgniter\View\View->CodeIgniter\View\{closure}()
 4 SYSTEMPATH\Common.php(1178): CodeIgniter\View\View->render('user_info2', [], true)
 5 APPPATH\Controllers\Demo.php(338): view('user_info2', [...])
 6 SYSTEMPATH\CodeIgniter.php(941): App\Controllers\Demo->login_process()
 7 SYSTEMPATH\CodeIgniter.php(502): CodeIgniter\CodeIgniter->runController(Object(App\Controllers\Demo))
 8 SYSTEMPATH\CodeIgniter.php(361): CodeIgniter\CodeIgniter->handleRequest(null, Object(Config\Cache), false)
 9 FCPATH\index.php(84): CodeIgniter\CodeIgniter->run()
INFO - 2024-06-25 09:06:12 --> Session: Class initialized using 'CodeIgniter\Session\Handlers\FileHandler' driver.
WARNING - 2024-06-25 09:06:12 --> Session: Sessions is enabled, and one exists. Please don't $session->start();
INFO - 2024-06-25 09:06:13 --> Session: Class initialized using 'CodeIgniter\Session\Handlers\FileHandler' driver.
WARNING - 2024-06-25 09:06:13 --> Session: Sessions is enabled, and one exists. Please don't $session->start();
INFO - 2024-06-25 09:06:14 --> Session: Class initialized using 'CodeIgniter\Session\Handlers\FileHandler' driver.
WARNING - 2024-06-25 09:06:14 --> Session: Sessions is enabled, and one exists. Please don't $session->start();
INFO - 2024-06-25 09:06:17 --> Session: Class initialized using 'CodeIgniter\Session\Handlers\FileHandler' driver.
WARNING - 2024-06-25 09:06:17 --> Session: Sessions is enabled, and one exists. Please don't $session->start();
INFO - 2024-06-25 09:09:50 --> Session: Class initialized using 'CodeIgniter\Session\Handlers\FileHandler' driver.
WARNING - 2024-06-25 09:09:50 --> Session: Sessions is enabled, and one exists. Please don't $session->start();
INFO - 2024-06-25 09:10:42 --> Session: Class initialized using 'CodeIgniter\Session\Handlers\FileHandler' driver.
WARNING - 2024-06-25 09:10:42 --> Session: Sessions is enabled, and one exists. Please don't $session->start();
CRITICAL - 2024-06-25 16:10:42 --> TypeError: curl_setopt_array(): The CURLOPT_HTTPHEADER option must have an array value
in APPPATH\Libraries\curl.php on line 131.
 1 APPPATH\Libraries\curl.php(131): curl_setopt_array(Object(CurlHandle), [...])
 2 APPPATH\Libraries\curl.php(92): App\Libraries\curl->init([...])
 3 APPPATH\Controllers\Demo.php(256): App\Libraries\curl->post('http://localhost:3000/users', '{"userId":"1419862414"}', 'Content-Type: application/json')
 4 SYSTEMPATH\CodeIgniter.php(941): App\Controllers\Demo->login_process()
 5 SYSTEMPATH\CodeIgniter.php(502): CodeIgniter\CodeIgniter->runController(Object(App\Controllers\Demo))
 6 SYSTEMPATH\CodeIgniter.php(361): CodeIgniter\CodeIgniter->handleRequest(null, Object(Config\Cache), false)
 7 FCPATH\index.php(84): CodeIgniter\CodeIgniter->run()
INFO - 2024-06-25 09:11:56 --> Session: Class initialized using 'CodeIgniter\Session\Handlers\FileHandler' driver.
WARNING - 2024-06-25 09:11:56 --> Session: Sessions is enabled, and one exists. Please don't $session->start();
CRITICAL - 2024-06-25 16:11:56 --> TypeError: curl_setopt_array(): The CURLOPT_HTTPHEADER option must have an array value
in APPPATH\Libraries\curl.php on line 131.
 1 APPPATH\Libraries\curl.php(131): curl_setopt_array(Object(CurlHandle), [...])
 2 APPPATH\Libraries\curl.php(92): App\Libraries\curl->init([...])
 3 APPPATH\Controllers\Demo.php(256): App\Libraries\curl->post('http://localhost:3000/users', '{"userId":"1419862414"}', 'Content-Type: application/json;')
 4 SYSTEMPATH\CodeIgniter.php(941): App\Controllers\Demo->login_process()
 5 SYSTEMPATH\CodeIgniter.php(502): CodeIgniter\CodeIgniter->runController(Object(App\Controllers\Demo))
 6 SYSTEMPATH\CodeIgniter.php(361): CodeIgniter\CodeIgniter->handleRequest(null, Object(Config\Cache), false)
 7 FCPATH\index.php(84): CodeIgniter\CodeIgniter->run()
INFO - 2024-06-25 09:12:36 --> Session: Class initialized using 'CodeIgniter\Session\Handlers\FileHandler' driver.
WARNING - 2024-06-25 09:12:36 --> Session: Sessions is enabled, and one exists. Please don't $session->start();
INFO - 2024-06-25 09:14:30 --> Session: Class initialized using 'CodeIgniter\Session\Handlers\FileHandler' driver.
WARNING - 2024-06-25 09:14:30 --> Session: Sessions is enabled, and one exists. Please don't $session->start();
INFO - 2024-06-25 09:15:17 --> Session: Class initialized using 'CodeIgniter\Session\Handlers\FileHandler' driver.
WARNING - 2024-06-25 09:15:17 --> Session: Sessions is enabled, and one exists. Please don't $session->start();
INFO - 2024-06-25 09:15:47 --> Session: Class initialized using 'CodeIgniter\Session\Handlers\FileHandler' driver.
WARNING - 2024-06-25 09:15:47 --> Session: Sessions is enabled, and one exists. Please don't $session->start();
INFO - 2024-06-25 09:16:17 --> Session: Class initialized using 'CodeIgniter\Session\Handlers\FileHandler' driver.
WARNING - 2024-06-25 09:16:17 --> Session: Sessions is enabled, and one exists. Please don't $session->start();
INFO - 2024-06-25 09:17:18 --> Session: Class initialized using 'CodeIgniter\Session\Handlers\FileHandler' driver.
WARNING - 2024-06-25 09:17:18 --> Session: Sessions is enabled, and one exists. Please don't $session->start();
CRITICAL - 2024-06-25 16:17:18 --> Error: Cannot use object of type App\Libraries\curl as array
in APPPATH\Controllers\Demo.php on line 259.
 1 SYSTEMPATH\CodeIgniter.php(941): App\Controllers\Demo->login_process()
 2 SYSTEMPATH\CodeIgniter.php(502): CodeIgniter\CodeIgniter->runController(Object(App\Controllers\Demo))
 3 SYSTEMPATH\CodeIgniter.php(361): CodeIgniter\CodeIgniter->handleRequest(null, Object(Config\Cache), false)
 4 FCPATH\index.php(84): CodeIgniter\CodeIgniter->run()
INFO - 2024-06-25 09:17:40 --> Session: Class initialized using 'CodeIgniter\Session\Handlers\FileHandler' driver.
WARNING - 2024-06-25 09:17:40 --> Session: Sessions is enabled, and one exists. Please don't $session->start();
INFO - 2024-06-25 09:18:29 --> Session: Class initialized using 'CodeIgniter\Session\Handlers\FileHandler' driver.
WARNING - 2024-06-25 09:18:29 --> Session: Sessions is enabled, and one exists. Please don't $session->start();
INFO - 2024-06-25 09:19:07 --> Session: Class initialized using 'CodeIgniter\Session\Handlers\FileHandler' driver.
WARNING - 2024-06-25 09:19:07 --> Session: Sessions is enabled, and one exists. Please don't $session->start();
INFO - 2024-06-25 09:19:40 --> Session: Class initialized using 'CodeIgniter\Session\Handlers\FileHandler' driver.
WARNING - 2024-06-25 09:19:40 --> Session: Sessions is enabled, and one exists. Please don't $session->start();
INFO - 2024-06-25 09:49:12 --> Session: Class initialized using 'CodeIgniter\Session\Handlers\FileHandler' driver.
WARNING - 2024-06-25 09:49:12 --> Session: Sessions is enabled, and one exists. Please don't $session->start();
INFO - 2024-06-25 09:50:21 --> Session: Class initialized using 'CodeIgniter\Session\Handlers\FileHandler' driver.
WARNING - 2024-06-25 09:50:21 --> Session: Sessions is enabled, and one exists. Please don't $session->start();
INFO - 2024-06-25 09:55:58 --> Session: Class initialized using 'CodeIgniter\Session\Handlers\FileHandler' driver.
WARNING - 2024-06-25 09:55:58 --> Session: Sessions is enabled, and one exists. Please don't $session->start();
INFO - 2024-06-25 09:56:25 --> Session: Class initialized using 'CodeIgniter\Session\Handlers\FileHandler' driver.
WARNING - 2024-06-25 09:56:25 --> Session: Sessions is enabled, and one exists. Please don't $session->start();
INFO - 2024-06-25 09:58:10 --> Session: Class initialized using 'CodeIgniter\Session\Handlers\FileHandler' driver.
WARNING - 2024-06-25 09:58:10 --> Session: Sessions is enabled, and one exists. Please don't $session->start();
INFO - 2024-06-25 09:58:21 --> Session: Class initialized using 'CodeIgniter\Session\Handlers\FileHandler' driver.
WARNING - 2024-06-25 09:58:21 --> Session: Sessions is enabled, and one exists. Please don't $session->start();
INFO - 2024-06-25 10:00:46 --> Session: Class initialized using 'CodeIgniter\Session\Handlers\FileHandler' driver.
WARNING - 2024-06-25 10:00:46 --> Session: Sessions is enabled, and one exists. Please don't $session->start();
INFO - 2024-06-25 10:01:33 --> Session: Class initialized using 'CodeIgniter\Session\Handlers\FileHandler' driver.
WARNING - 2024-06-25 10:01:33 --> Session: Sessions is enabled, and one exists. Please don't $session->start();
INFO - 2024-06-25 10:01:50 --> Session: Class initialized using 'CodeIgniter\Session\Handlers\FileHandler' driver.
WARNING - 2024-06-25 10:01:50 --> Session: Sessions is enabled, and one exists. Please don't $session->start();
CRITICAL - 2024-06-25 17:01:50 --> ErrorException: Attempt to read property "data" on string
in APPPATH\Controllers\Demo.php on line 409.
 1 APPPATH\Controllers\Demo.php(409): CodeIgniter\Debug\Exceptions->errorHandler(2, 'Attempt to read property "data" on string', 'C:\\xampp\\htdocs\\ci\\app\\Controllers\\Demo.php', 409)
 2 SYSTEMPATH\CodeIgniter.php(941): App\Controllers\Demo->getData()
 3 SYSTEMPATH\CodeIgniter.php(502): CodeIgniter\CodeIgniter->runController(Object(App\Controllers\Demo))
 4 SYSTEMPATH\CodeIgniter.php(361): CodeIgniter\CodeIgniter->handleRequest(null, Object(Config\Cache), false)
 5 FCPATH\index.php(84): CodeIgniter\CodeIgniter->run()
INFO - 2024-06-25 10:03:20 --> Session: Class initialized using 'CodeIgniter\Session\Handlers\FileHandler' driver.
WARNING - 2024-06-25 10:03:20 --> Session: Sessions is enabled, and one exists. Please don't $session->start();
CRITICAL - 2024-06-25 17:03:20 --> Error: Object of class stdClass could not be converted to string
in APPPATH\Controllers\Demo.php on line 413.
 1 SYSTEMPATH\CodeIgniter.php(941): App\Controllers\Demo->getData()
 2 SYSTEMPATH\CodeIgniter.php(502): CodeIgniter\CodeIgniter->runController(Object(App\Controllers\Demo))
 3 SYSTEMPATH\CodeIgniter.php(361): CodeIgniter\CodeIgniter->handleRequest(null, Object(Config\Cache), false)
 4 FCPATH\index.php(84): CodeIgniter\CodeIgniter->run()
INFO - 2024-06-25 10:03:37 --> Session: Class initialized using 'CodeIgniter\Session\Handlers\FileHandler' driver.
WARNING - 2024-06-25 10:03:37 --> Session: Sessions is enabled, and one exists. Please don't $session->start();
INFO - 2024-06-25 10:03:59 --> Session: Class initialized using 'CodeIgniter\Session\Handlers\FileHandler' driver.
WARNING - 2024-06-25 10:03:59 --> Session: Sessions is enabled, and one exists. Please don't $session->start();
INFO - 2024-06-25 10:05:56 --> Session: Class initialized using 'CodeIgniter\Session\Handlers\FileHandler' driver.
WARNING - 2024-06-25 10:05:56 --> Session: Sessions is enabled, and one exists. Please don't $session->start();
INFO - 2024-06-25 10:06:09 --> Session: Class initialized using 'CodeIgniter\Session\Handlers\FileHandler' driver.
WARNING - 2024-06-25 10:06:09 --> Session: Sessions is enabled, and one exists. Please don't $session->start();
INFO - 2024-06-25 10:10:35 --> Session: Class initialized using 'CodeIgniter\Session\Handlers\FileHandler' driver.
WARNING - 2024-06-25 10:10:35 --> Session: Sessions is enabled, and one exists. Please don't $session->start();
INFO - 2024-06-25 10:10:59 --> Session: Class initialized using 'CodeIgniter\Session\Handlers\FileHandler' driver.
WARNING - 2024-06-25 10:10:59 --> Session: Sessions is enabled, and one exists. Please don't $session->start();
